#
# There is insufficient memory for the Java Runtime Environment to continue.
# Native memory allocation (mmap) failed to map 264241152 bytes for G1 virtual space
# Possible reasons:
#   The system is out of physical RAM or swap space
#   The process is running with CompressedOops enabled, and the Java Heap may be blocking the growth of the native heap
# Possible solutions:
#   Reduce memory load on the system
#   Increase physical memory or swap space
#   Check if swap backing store is full
#   Decrease Java heap size (-Xmx/-Xms)
#   Decrease number of Java threads
#   Decrease Java thread stack sizes (-Xss)
#   Set larger code cache with -XX:ReservedCodeCacheSize=
#   JVM is running with Zero Based Compressed Oops mode in which the Java heap is
#     placed in the first 32GB address space. The Java Heap base address is the
#     maximum limit for the native heap growth. Please use -XX:HeapBaseMinAddress
#     to set the Java Heap base and to place the Java Heap above 32GB virtual address.
# This output file may be truncated or incomplete.
#
#  Out of Memory Error (os_windows.cpp:3600), pid=25192, tid=5348
#
# JRE version:  (21.0.1+12) (build )
# Java VM: OpenJDK 64-Bit Server VM (21.0.1+12-LTS, mixed mode, sharing, tiered, compressed oops, compressed class ptrs, g1 gc, windows-amd64)
# No core dump will be written. Minidumps are not enabled by default on client versions of Windows
#

---------------  S U M M A R Y ------------

Command Line: 

Host: 13th Gen Intel(R) Core(TM) i7-13700H, 20 cores, 15G,  Windows 11 , 64 bit Build 22621 (10.0.22621.2506)
Time: Fri Dec 29 16:44:54 2023 SE Asia Standard Time elapsed time: 0.281983 seconds (0d 0h 0m 0s)

---------------  T H R E A D  ---------------

Current thread (0x000001437f603650):  JavaThread "Unknown thread" [_thread_in_vm, id=5348, stack(0x0000000f57300000,0x0000000f57400000) (1024K)]

Stack: [0x0000000f57300000,0x0000000f57400000]
Native frames: (J=compiled Java code, j=interpreted, Vv=VM code, C=native code)
V  [jvm.dll+0x6cea19]
V  [jvm.dll+0x8a9ef1]
V  [jvm.dll+0x8ac1ce]
V  [jvm.dll+0x8ac8b3]
V  [jvm.dll+0x283e46]
V  [jvm.dll+0x6cb105]
V  [jvm.dll+0x6bfafa]
V  [jvm.dll+0x35915a]
V  [jvm.dll+0x360d36]
V  [jvm.dll+0x3b1b1e]
V  [jvm.dll+0x3b1dc8]
V  [jvm.dll+0x32caac]
V  [jvm.dll+0x32d63b]
V  [jvm.dll+0x872229]
V  [jvm.dll+0x3bee51]
V  [jvm.dll+0x85aaa8]
V  [jvm.dll+0x452a5e]
V  [jvm.dll+0x454521]
C  [jli.dll+0x52a3]
C  [ucrtbase.dll+0x29363]
C  [KERNEL32.DLL+0x1257d]
C  [ntdll.dll+0x5aa58]


---------------  P R O C E S S  ---------------

Threads class SMR info:
_java_thread_list=0x00007ffcd0a99088, length=0, elements={
}

Java Threads: ( => current thread )
Total: 0

Other Threads:
  0x000001437f6695b0 WorkerThread "GC Thread#0"                     [id=19036, stack(0x0000000f57400000,0x0000000f57500000) (1024K)]
  0x000001437f67a190 ConcurrentGCThread "G1 Main Marker"            [id=26876, stack(0x0000000f57500000,0x0000000f57600000) (1024K)]
  0x000001437f67ae40 WorkerThread "G1 Conc#0"                       [id=46888, stack(0x0000000f57600000,0x0000000f57700000) (1024K)]

[error occurred during error reporting (printing all threads), id 0xc0000005, EXCEPTION_ACCESS_VIOLATION (0xc0000005) at pc=0x00007ffcd019fc37]
VM state: not at safepoint (not fully initialized)

VM Mutex/Monitor currently owned by a thread:  ([mutex/lock_event])
[0x00007ffcd0b0cb28] Heap_lock - owner thread: 0x000001437f603650

Heap address: 0x0000000704000000, size: 4032 MB, Compressed Oops mode: Zero based, Oop shift amount: 3

CDS archive(s) mapped at: [0x0000000000000000-0x0000000000000000-0x0000000000000000), size 0, SharedBaseAddress: 0x0000000800000000, ArchiveRelocationMode: 1.
Narrow klass base: 0x0000000000000000, Narrow klass shift: 0, Narrow klass range: 0x0

GC Precious Log:
 CardTable entry size: 512
 Card Set container configuration: InlinePtr #cards 4 size 8 Array Of Cards #cards 16 size 48 Howl #buckets 8 coarsen threshold 3686 Howl Bitmap #cards 512 size 80 coarsen threshold 460 Card regions per heap region 1 cards per card region 4096

Heap:
 garbage-first heap   total 0K, used 0K [0x0000000704000000, 0x0000000800000000)
  region size 2048K, 0 young (0K), 0 survivors (0K)

[error occurred during error reporting (printing heap information), id 0xc0000005, EXCEPTION_ACCESS_VIOLATION (0xc0000005) at pc=0x00007ffcd0587739]
GC Heap History (0 events):
No events

Dll operation events (1 events):
Event: 0.006 Loaded shared library C:\zulu21.30.15-ca-fx-jdk21.0.1-win_x64\zulu21.30.15-ca-fx-jdk21.0.1-win_x64\bin\java.dll

Deoptimization events (0 events):
No events

Classes loaded (0 events):
No events

Classes unloaded (0 events):
No events

Classes redefined (0 events):
No events

Internal exceptions (0 events):
No events

ZGC Phase Switch (0 events):
No events

VM Operations (0 events):
No events

Events (0 events):
No events


Dynamic libraries:
0x00007ff7fe520000 - 0x00007ff7fe52e000 	C:\zulu21.30.15-ca-fx-jdk21.0.1-win_x64\zulu21.30.15-ca-fx-jdk21.0.1-win_x64\bin\java.exe
0x00007ffd7b1b0000 - 0x00007ffd7b3c7000 	C:\Windows\SYSTEM32\ntdll.dll
0x00007ffd794e0000 - 0x00007ffd795a4000 	C:\Windows\System32\KERNEL32.DLL
0x00007ffd78520000 - 0x00007ffd788c6000 	C:\Windows\System32\KERNELBASE.dll
0x00007ffd789f0000 - 0x00007ffd78b01000 	C:\Windows\System32\ucrtbase.dll
0x00007ffd6d4f0000 - 0x00007ffd6d508000 	C:\zulu21.30.15-ca-fx-jdk21.0.1-win_x64\zulu21.30.15-ca-fx-jdk21.0.1-win_x64\bin\jli.dll
0x00007ffd6d560000 - 0x00007ffd6d57b000 	C:\zulu21.30.15-ca-fx-jdk21.0.1-win_x64\zulu21.30.15-ca-fx-jdk21.0.1-win_x64\bin\VCRUNTIME140.dll
0x00007ffd79250000 - 0x00007ffd793fe000 	C:\Windows\System32\USER32.dll
0x00007ffd50680000 - 0x00007ffd50913000 	C:\Windows\WinSxS\amd64_microsoft.windows.common-controls_6595b64144ccf1df_6.0.22621.2506_none_270c5ae97388e100\COMCTL32.dll
0x00007ffd78e10000 - 0x00007ffd78e36000 	C:\Windows\System32\win32u.dll
0x00007ffd7aad0000 - 0x00007ffd7ab77000 	C:\Windows\System32\msvcrt.dll
0x00007ffd7ab80000 - 0x00007ffd7aba9000 	C:\Windows\System32\GDI32.dll
0x00007ffd788d0000 - 0x00007ffd789e8000 	C:\Windows\System32\gdi32full.dll
0x00007ffd78b10000 - 0x00007ffd78baa000 	C:\Windows\System32\msvcp_win.dll
0x00007ffd79a60000 - 0x00007ffd79a91000 	C:\Windows\System32\IMM32.DLL
0x00007ffd71fb0000 - 0x00007ffd71fbc000 	C:\zulu21.30.15-ca-fx-jdk21.0.1-win_x64\zulu21.30.15-ca-fx-jdk21.0.1-win_x64\bin\vcruntime140_1.dll
0x00007ffd465a0000 - 0x00007ffd4662e000 	C:\zulu21.30.15-ca-fx-jdk21.0.1-win_x64\zulu21.30.15-ca-fx-jdk21.0.1-win_x64\bin\msvcp140.dll
0x00007ffccfe60000 - 0x00007ffcd0bed000 	C:\zulu21.30.15-ca-fx-jdk21.0.1-win_x64\zulu21.30.15-ca-fx-jdk21.0.1-win_x64\bin\server\jvm.dll
0x00007ffd7a710000 - 0x00007ffd7a7c1000 	C:\Windows\System32\ADVAPI32.dll
0x00007ffd79b10000 - 0x00007ffd79bb5000 	C:\Windows\System32\sechost.dll
0x00007ffd795b0000 - 0x00007ffd796c7000 	C:\Windows\System32\RPCRT4.dll
0x00007ffd79460000 - 0x00007ffd794d1000 	C:\Windows\System32\WS2_32.dll
0x00007ffd77370000 - 0x00007ffd773bd000 	C:\Windows\SYSTEM32\POWRPROF.dll
0x00007ffd6d6c0000 - 0x00007ffd6d6f4000 	C:\Windows\SYSTEM32\WINMM.dll
0x00007ffd658c0000 - 0x00007ffd658ca000 	C:\Windows\SYSTEM32\VERSION.dll
0x00007ffd77350000 - 0x00007ffd77363000 	C:\Windows\SYSTEM32\UMPDC.dll
0x00007ffd77610000 - 0x00007ffd77628000 	C:\Windows\SYSTEM32\kernel.appcore.dll
0x00007ffd6d700000 - 0x00007ffd6d70a000 	C:\zulu21.30.15-ca-fx-jdk21.0.1-win_x64\zulu21.30.15-ca-fx-jdk21.0.1-win_x64\bin\jimage.dll
0x00007ffd75ea0000 - 0x00007ffd760d3000 	C:\Windows\SYSTEM32\DBGHELP.DLL
0x00007ffd796d0000 - 0x00007ffd79a59000 	C:\Windows\System32\combase.dll
0x00007ffd78f10000 - 0x00007ffd78fe7000 	C:\Windows\System32\OLEAUT32.dll
0x00007ffd552a0000 - 0x00007ffd552d2000 	C:\Windows\SYSTEM32\dbgcore.DLL
0x00007ffd78d90000 - 0x00007ffd78e0a000 	C:\Windows\System32\bcryptPrimitives.dll
0x00007ffd67880000 - 0x00007ffd6789f000 	C:\zulu21.30.15-ca-fx-jdk21.0.1-win_x64\zulu21.30.15-ca-fx-jdk21.0.1-win_x64\bin\java.dll

dbghelp: loaded successfully - version: 4.0.5 - missing functions: none
symbol engine: initialized successfully - sym options: 0x614 - pdb path: .;C:\zulu21.30.15-ca-fx-jdk21.0.1-win_x64\zulu21.30.15-ca-fx-jdk21.0.1-win_x64\bin;C:\Windows\SYSTEM32;C:\Windows\WinSxS\amd64_microsoft.windows.common-controls_6595b64144ccf1df_6.0.22621.2506_none_270c5ae97388e100;C:\zulu21.30.15-ca-fx-jdk21.0.1-win_x64\zulu21.30.15-ca-fx-jdk21.0.1-win_x64\bin\server

VM Arguments:
java_command: <unknown>
java_class_path (initial): <not set>
Launcher Type: SUN_STANDARD

[Global flags]
     intx CICompilerCount                          = 12                                        {product} {ergonomic}
     uint ConcGCThreads                            = 4                                         {product} {ergonomic}
     uint G1ConcRefinementThreads                  = 15                                        {product} {ergonomic}
   size_t G1HeapRegionSize                         = 2097152                                   {product} {ergonomic}
    uintx GCDrainStackTargetSize                   = 64                                        {product} {ergonomic}
   size_t InitialHeapSize                          = 264241152                                 {product} {ergonomic}
   size_t MarkStackSize                            = 4194304                                   {product} {ergonomic}
   size_t MaxHeapSize                              = 4227858432                                {product} {ergonomic}
   size_t MinHeapDeltaBytes                        = 2097152                                   {product} {ergonomic}
   size_t MinHeapSize                              = 8388608                                   {product} {ergonomic}
    uintx NonNMethodCodeHeapSize                   = 7602480                                {pd product} {ergonomic}
    uintx NonProfiledCodeHeapSize                  = 122027880                              {pd product} {ergonomic}
    uintx ProfiledCodeHeapSize                     = 122027880                              {pd product} {ergonomic}
    uintx ReservedCodeCacheSize                    = 251658240                              {pd product} {ergonomic}
     bool SegmentedCodeCache                       = true                                      {product} {ergonomic}
   size_t SoftMaxHeapSize                          = 4227858432                             {manageable} {ergonomic}
     bool UseCompressedOops                        = true                           {product lp64_product} {ergonomic}
     bool UseG1GC                                  = true                                      {product} {ergonomic}
     bool UseLargePagesIndividualAllocation        = false                                  {pd product} {ergonomic}

Logging:
Log output configuration:
 #0: stdout all=warning uptime,level,tags foldmultilines=false
 #1: stderr all=off uptime,level,tags foldmultilines=false

Environment Variables:
PATH=C:\Users\Elga\Downloads\WINDOWS.X64_193000_db_home\bin;C:\Program Files\Eclipse Adoptium\jdk-21.0.0.35-hotspot\bin;C:\Users\Elga\Downloads\apache-maven-3.9.4-bin\apache-maven-3.9.4\bin;C:\Program Files\Common Files\Oracle\Java\javapath;C:\Windows\system32;C:\Windows;C:\Windows\System32\Wbem;C:\Windows\System32\WindowsPowerShell\v1.0\;C:\Windows\System32\OpenSSH\;C:\Program Files\Git\cmd;C:\Program Files\dotnet\;C:\Program Files\CMake\bin;C:\Program Files (x86)\Windows Kits\10\Windows Performance Toolkit\;C:\Program Files\PowerShell\7\;C:\Program Files\nodejs\;C:\Users\Elga\AppData\Local\Microsoft\WindowsApps;;C:\Users\Elga\AppData\Local\Programs\Microsoft VS Code\bin;C:\Program Files\JetBrains\IntelliJ IDEA 2023.2.2\bin;;C:\Program Files\JetBrains\PyCharm Community Edition 2023.2.2\bin;;C:\Program Files\JetBrains\IntelliJ IDEA Community Edition 2023.2.2\bin;;C:\Users\Elga\.dotnet\tools;C:\Users\Elga\AppData\Roaming\npm
USERNAME=Elga
OS=Windows_NT
PROCESSOR_IDENTIFIER=Intel64 Family 6 Model 186 Stepping 2, GenuineIntel
TMP=C:\Users\Elga\AppData\Local\Temp
TEMP=C:\Users\Elga\AppData\Local\Temp




Periodic native trim disabled

---------------  S Y S T E M  ---------------

OS:
 Windows 11 , 64 bit Build 22621 (10.0.22621.2506)
OS uptime: 4 days 0:48 hours
Hyper-V role detected

CPU: total 20 (initial active 20) (10 cores per cpu, 2 threads per core) family 6 model 186 stepping 2 microcode 0x410e, cx8, cmov, fxsr, ht, mmx, 3dnowpref, sse, sse2, sse3, ssse3, sse4.1, sse4.2, popcnt, lzcnt, tsc, tscinvbit, avx, avx2, aes, erms, clmul, bmi1, bmi2, adx, sha, fma, vzeroupper, clflush, clflushopt, clwb, hv, serialize, rdtscp, rdpid, fsrm, f16c, cet_ibt, cet_ss
Processor Information for processor 0
  Max Mhz: 2400, Current Mhz: 2400, Mhz Limit: 2400
Processor Information for processor 1
  Max Mhz: 2400, Current Mhz: 1520, Mhz Limit: 2400
Processor Information for processor 2
  Max Mhz: 2400, Current Mhz: 1520, Mhz Limit: 2400
Processor Information for processor 3
  Max Mhz: 2400, Current Mhz: 2400, Mhz Limit: 2400
Processor Information for processor 4
  Max Mhz: 2400, Current Mhz: 2400, Mhz Limit: 2400
Processor Information for processor 5
  Max Mhz: 2400, Current Mhz: 2400, Mhz Limit: 2400
Processor Information for processor 6
  Max Mhz: 2400, Current Mhz: 2400, Mhz Limit: 2400
Processor Information for processor 7
  Max Mhz: 2400, Current Mhz: 2400, Mhz Limit: 2400
Processor Information for processor 8
  Max Mhz: 2400, Current Mhz: 2400, Mhz Limit: 2400
Processor Information for processor 9
  Max Mhz: 2400, Current Mhz: 2400, Mhz Limit: 2400
Processor Information for processor 10
  Max Mhz: 2400, Current Mhz: 2400, Mhz Limit: 2400
Processor Information for processor 11
  Max Mhz: 2400, Current Mhz: 2400, Mhz Limit: 2400
Processor Information for processor 12
  Max Mhz: 2400, Current Mhz: 1466, Mhz Limit: 2400
Processor Information for processor 13
  Max Mhz: 2400, Current Mhz: 1466, Mhz Limit: 2400
Processor Information for processor 14
  Max Mhz: 2400, Current Mhz: 1466, Mhz Limit: 2400
Processor Information for processor 15
  Max Mhz: 2400, Current Mhz: 1466, Mhz Limit: 2400
Processor Information for processor 16
  Max Mhz: 2400, Current Mhz: 1466, Mhz Limit: 2400
Processor Information for processor 17
  Max Mhz: 2400, Current Mhz: 1466, Mhz Limit: 2400
Processor Information for processor 18
  Max Mhz: 2400, Current Mhz: 1466, Mhz Limit: 2400
Processor Information for processor 19
  Max Mhz: 2400, Current Mhz: 1466, Mhz Limit: 2400

Memory: 4k page, system-wide physical 16124M (302M free)
TotalPageFile size 65276M (AvailPageFile size 62M)
current process WorkingSet (physical memory assigned to process): 11M, peak: 11M
current process commit charge ("private bytes"): 75M, peak: 327M

vm_info: OpenJDK 64-Bit Server VM (21.0.1+12-LTS) for windows-amd64 JRE (21.0.1+12-LTS) (Zulu21.30+15-CA), built on 2023-10-11T21:38:45Z by "zulu_re" with MS VC++ 17.1 (VS2022)

END.
