#
# There is insufficient memory for the Java Runtime Environment to continue.
# Native memory allocation (mmap) failed to map 4194304 bytes for G1 virtual space
# Possible reasons:
#   The system is out of physical RAM or swap space
#   The process is running with CompressedOops enabled, and the Java Heap may be blocking the growth of the native heap
# Possible solutions:
#   Reduce memory load on the system
#   Increase physical memory or swap space
#   Check if swap backing store is full
#   Decrease Java heap size (-Xmx/-Xms)
#   Decrease number of Java threads
#   Decrease Java thread stack sizes (-Xss)
#   Set larger code cache with -XX:ReservedCodeCacheSize=
#   JVM is running with Zero Based Compressed Oops mode in which the Java heap is
#     placed in the first 32GB address space. The Java Heap base address is the
#     maximum limit for the native heap growth. Please use -XX:HeapBaseMinAddress
#     to set the Java Heap base and to place the Java Heap above 32GB virtual address.
# This output file may be truncated or incomplete.
#
#  Out of Memory Error (os_windows.cpp:3600), pid=26892, tid=33884
#
# JRE version: OpenJDK Runtime Environment Zulu21.30+15-CA (21.0.1+12) (build 21.0.1+12-LTS)
# Java VM: OpenJDK 64-Bit Server VM Zulu21.30+15-CA (21.0.1+12-LTS, mixed mode, sharing, tiered, compressed oops, compressed class ptrs, g1 gc, windows-amd64)
# No core dump will be written. Minidumps are not enabled by default on client versions of Windows
#

---------------  S U M M A R Y ------------

Command Line: -Dapplication.home=C:\zulu21.30.15-ca-fx-jdk21.0.1-win_x64\zulu21.30.15-ca-fx-jdk21.0.1-win_x64 --add-modules=ALL-DEFAULT -Xms8m -Djdk.module.main=jdk.compiler jdk.compiler/com.sun.tools.javac.Main -d C:\Users\Elga\Documents\prl23\MovieTicketBookingManagement\build\classes -classpath C:\Users\Elga\Documents\prl23\MovieTicketBookingManagement\build\classes;C:\Users\Elga\Downloads\ojdbc11.jar;C:\Users\Elga\Downloads\mysql-connector-j-8.2.0\mysql-connector-j-8.2.0\mysql-connector-j-8.2.0.jar -sourcepath C:\Users\Elga\Documents\prl23\MovieTicketBookingManagement\build\empty -target 21 -encoding UTF-8 -g -processorpath C:\Users\Elga\Downloads\ojdbc11.jar;C:\Users\Elga\Downloads\mysql-connector-j-8.2.0\mysql-connector-j-8.2.0\mysql-connector-j-8.2.0.jar;C:\Users\Elga\Documents\prl23\MovieTicketBookingManagement\build\empty -s C:\Users\Elga\Documents\prl23\MovieTicketBookingManagement\build\generated-sources\ap-source-output -source 21 C:\Users\Elga\Documents\prl23\MovieTicketBookingManagement\src\movieticketbookingmanagement\DashboardController.java

Host: 13th Gen Intel(R) Core(TM) i7-13700H, 20 cores, 15G,  Windows 11 , 64 bit Build 22621 (10.0.22621.2506)
Time: Fri Dec 29 16:44:55 2023 SE Asia Standard Time elapsed time: 0.470744 seconds (0d 0h 0m 0s)

---------------  T H R E A D  ---------------

Current thread (0x000001e56a4dd030):  VMThread "VM Thread"          [id=33884, stack(0x000000124a100000,0x000000124a200000) (1024K)]

Stack: [0x000000124a100000,0x000000124a200000]
Native frames: (J=compiled Java code, j=interpreted, Vv=VM code, C=native code)
V  [jvm.dll+0x6cea19]
V  [jvm.dll+0x8a9ef1]
V  [jvm.dll+0x8ac1ce]
V  [jvm.dll+0x8ac8b3]
V  [jvm.dll+0x283e46]
V  [jvm.dll+0x6cb105]
V  [jvm.dll+0x6bfafa]
V  [jvm.dll+0x35915a]
V  [jvm.dll+0x360d36]
V  [jvm.dll+0x3b1b1e]
V  [jvm.dll+0x3b1dc8]
V  [jvm.dll+0x32caac]
V  [jvm.dll+0x32cb37]
V  [jvm.dll+0x37152c]
V  [jvm.dll+0x36fd2d]
V  [jvm.dll+0x32c221]
V  [jvm.dll+0x36f43a]
V  [jvm.dll+0x8b23b8]
V  [jvm.dll+0x8b34b4]
V  [jvm.dll+0x8b39f0]
V  [jvm.dll+0x8b3c93]
V  [jvm.dll+0x8526e8]
V  [jvm.dll+0x6cd16d]
C  [ucrtbase.dll+0x29363]
C  [KERNEL32.DLL+0x1257d]
C  [ntdll.dll+0x5aa58]

VM_Operation (0x0000001249afe130): G1CollectForAllocation, mode: safepoint, requested by thread 0x000001e56a501990


---------------  P R O C E S S  ---------------

Threads class SMR info:
_java_thread_list=0x000001e57f1f3a70, length=13, elements={
0x000001e56a501990, 0x000001e57e248e30, 0x000001e57e249af0, 0x000001e57e24c0e0,
0x000001e57e24eeb0, 0x000001e57e252060, 0x000001e57e253000, 0x000001e57e255f80,
0x000001e57e2571c0, 0x000001e57edb6700, 0x000001e57eea8ab0, 0x000001e57ef01f00,
0x000001e57f419770
}

Java Threads: ( => current thread )
  0x000001e56a501990 JavaThread "main"                              [_thread_blocked, id=20224, stack(0x0000001249a00000,0x0000001249b00000) (1024K)]
  0x000001e57e248e30 JavaThread "Reference Handler"          daemon [_thread_blocked, id=26536, stack(0x000000124a200000,0x000000124a300000) (1024K)]
  0x000001e57e249af0 JavaThread "Finalizer"                  daemon [_thread_blocked, id=45932, stack(0x000000124a300000,0x000000124a400000) (1024K)]
  0x000001e57e24c0e0 JavaThread "Signal Dispatcher"          daemon [_thread_blocked, id=25564, stack(0x000000124a400000,0x000000124a500000) (1024K)]
  0x000001e57e24eeb0 JavaThread "Attach Listener"            daemon [_thread_blocked, id=13700, stack(0x000000124a500000,0x000000124a600000) (1024K)]
  0x000001e57e252060 JavaThread "Service Thread"             daemon [_thread_blocked, id=37844, stack(0x000000124a600000,0x000000124a700000) (1024K)]
  0x000001e57e253000 JavaThread "Monitor Deflation Thread"   daemon [_thread_blocked, id=9240, stack(0x000000124a700000,0x000000124a800000) (1024K)]
  0x000001e57e255f80 JavaThread "C2 CompilerThread0"         daemon [_thread_blocked, id=37540, stack(0x000000124a800000,0x000000124a900000) (1024K)]
  0x000001e57e2571c0 JavaThread "C1 CompilerThread0"         daemon [_thread_blocked, id=22160, stack(0x000000124a900000,0x000000124aa00000) (1024K)]
  0x000001e57edb6700 JavaThread "C1 CompilerThread1"         daemon [_thread_blocked, id=14848, stack(0x000000124aa00000,0x000000124ab00000) (1024K)]
  0x000001e57eea8ab0 JavaThread "Common-Cleaner"             daemon [_thread_blocked, id=44852, stack(0x000000124ab00000,0x000000124ac00000) (1024K)]
  0x000001e57ef01f00 JavaThread "Notification Thread"        daemon [_thread_blocked, id=40428, stack(0x000000124ac00000,0x000000124ad00000) (1024K)]
  0x000001e57f419770 JavaThread "C1 CompilerThread2"         daemon [_thread_blocked, id=42728, stack(0x000000124b200000,0x000000124b300000) (1024K)]
Total: 13

Other Threads:
=>0x000001e56a4dd030 VMThread "VM Thread"                           [id=33884, stack(0x000000124a100000,0x000000124a200000) (1024K)]
  0x000001e57e230000 WatcherThread "VM Periodic Task Thread"        [id=37460, stack(0x000000124a000000,0x000000124a100000) (1024K)]
  0x000001e56a4ddeb0 WorkerThread "GC Thread#0"                     [id=32164, stack(0x0000001249b00000,0x0000001249c00000) (1024K)]
  0x000001e56a4dd3d0 WorkerThread "GC Thread#1"                     [id=27504, stack(0x000000124ad00000,0x000000124ae00000) (1024K)]
  0x000001e56a4dd770 WorkerThread "GC Thread#2"                     [id=20292, stack(0x000000124ae00000,0x000000124af00000) (1024K)]
  0x000001e57f04a4c0 WorkerThread "GC Thread#3"                     [id=41192, stack(0x000000124af00000,0x000000124b000000) (1024K)]
  0x000001e57f04a860 WorkerThread "GC Thread#4"                     [id=46292, stack(0x000000124b000000,0x000000124b100000) (1024K)]
  0x000001e57f04ac00 WorkerThread "GC Thread#5"                     [id=4748, stack(0x000000124b100000,0x000000124b200000) (1024K)]
  0x000001e57f04afa0 WorkerThread "GC Thread#6"                     [id=44024, stack(0x000000124b300000,0x000000124b400000) (1024K)]
  0x000001e56c8eecc0 ConcurrentGCThread "G1 Main Marker"            [id=11644, stack(0x0000001249c00000,0x0000001249d00000) (1024K)]
  0x000001e56a4dc8f0 WorkerThread "G1 Conc#0"                       [id=17780, stack(0x0000001249d00000,0x0000001249e00000) (1024K)]
  0x000001e57e113b80 ConcurrentGCThread "G1 Refine#0"               [id=34956, stack(0x0000001249e00000,0x0000001249f00000) (1024K)]
  0x000001e56c90d5d0 ConcurrentGCThread "G1 Service"                [id=28516, stack(0x0000001249f00000,0x000000124a000000) (1024K)]
Total: 13

Threads with active compile tasks:
Total: 0

VM state: at safepoint (normal execution)

VM Mutex/Monitor currently owned by a thread:  ([mutex/lock_event])
[0x00007ffcd0b0ca28] Threads_lock - owner thread: 0x000001e56a4dd030
[0x00007ffcd0b0cb28] Heap_lock - owner thread: 0x000001e56a501990

Heap address: 0x0000000704000000, size: 4032 MB, Compressed Oops mode: Zero based, Oop shift amount: 3

CDS archive(s) mapped at: [0x000001e50f000000-0x000001e50fc90000-0x000001e50fc90000), size 13172736, SharedBaseAddress: 0x000001e50f000000, ArchiveRelocationMode: 1.
Compressed class space mapped at: 0x000001e510000000-0x000001e550000000, reserved size: 1073741824
Narrow klass base: 0x000001e50f000000, Narrow klass shift: 0, Narrow klass range: 0x100000000

GC Precious Log:
 CardTable entry size: 512
 Card Set container configuration: InlinePtr #cards 4 size 8 Array Of Cards #cards 16 size 48 Howl #buckets 8 coarsen threshold 3686 Howl Bitmap #cards 512 size 80 coarsen threshold 460 Card regions per heap region 1 cards per card region 4096
 CPUs: 20 total, 20 available
 Memory: 16124M
 Large Page Support: Disabled
 NUMA Support: Disabled
 Compressed Oops: Enabled (Zero based)
 Heap Region Size: 2M
 Heap Min Capacity: 8M
 Heap Initial Capacity: 8M
 Heap Max Capacity: 4032M
 Pre-touch: Disabled
 Parallel Workers: 15
 Concurrent Workers: 4
 Concurrent Refinement Workers: 15
 Periodic GC: Disabled

Heap:
 garbage-first heap   total 10240K, used 3965K [0x0000000704000000, 0x0000000800000000)
  region size 2048K, 1 young (2048K), 1 survivors (2048K)
 Metaspace       used 8780K, committed 8896K, reserved 1114112K
  class space    used 967K, committed 1024K, reserved 1048576K

Heap Regions: E=young(eden), S=young(survivor), O=old, HS=humongous(starts), HC=humongous(continues), CS=collection set, F=free, TAMS=top-at-mark-start, PB=parsable bottom
|   0|0x0000000704000000, 0x0000000704200000, 0x0000000704200000|100%| O|  |TAMS 0x0000000704000000| PB 0x0000000704000000| Untracked 
|   1|0x0000000704200000, 0x0000000704200000, 0x0000000704400000|  0%| F|  |TAMS 0x0000000704200000| PB 0x0000000704200000| Untracked 
|   2|0x0000000704400000, 0x00000007045595a0, 0x0000000704600000| 67%| S|CS|TAMS 0x0000000704400000| PB 0x0000000704400000| Complete 
|   3|0x0000000704600000, 0x0000000704600000, 0x0000000704800000|  0%| F|  |TAMS 0x0000000704600000| PB 0x0000000704600000| Untracked 
|2015|0x00000007ffe00000, 0x00000007ffe85ec8, 0x0000000800000000| 26%| O|  |TAMS 0x00000007ffe00000| PB 0x00000007ffe00000| Untracked 

Card table byte_map: [0x000001e577280000,0x000001e577a60000] _byte_map_base: 0x000001e573a60000

Marking Bits: (CMBitMap*) 0x000001e56c8de630
 Bits: [0x000001e577a60000, 0x000001e57b960000)

Polling page: 0x000001e56a7b0000

Metaspace:

Usage:
  Non-class:      7.63 MB used.
      Class:    967.19 KB used.
       Both:      8.57 MB used.

Virtual space:
  Non-class space:       64.00 MB reserved,       7.69 MB ( 12%) committed,  1 nodes.
      Class space:        1.00 GB reserved,       1.00 MB ( <1%) committed,  1 nodes.
             Both:        1.06 GB reserved,       8.69 MB ( <1%) committed. 

Chunk freelists:
   Non-Class:  6.02 MB
       Class:  14.94 MB
        Both:  20.95 MB

MaxMetaspaceSize: unlimited
CompressedClassSpaceSize: 1.00 GB
Initial GC threshold: 21.00 MB
Current GC threshold: 21.00 MB
CDS: on
 - commit_granule_bytes: 65536.
 - commit_granule_words: 8192.
 - virtual_space_node_default_size: 8388608.
 - enlarge_chunks_in_place: 1.
 - use_allocation_guard: 0.


Internal statistics:

num_allocs_failed_limit: 0.
num_arena_births: 56.
num_arena_deaths: 0.
num_vsnodes_births: 2.
num_vsnodes_deaths: 0.
num_space_committed: 139.
num_space_uncommitted: 0.
num_chunks_returned_to_freelist: 0.
num_chunks_taken_from_freelist: 334.
num_chunk_merges: 0.
num_chunk_splits: 243.
num_chunks_enlarged: 197.
num_inconsistent_stats: 0.

CodeHeap 'non-profiled nmethods': size=119168Kb used=304Kb max_used=304Kb free=118863Kb
 bounds [0x000001e507ba0000, 0x000001e507e10000, 0x000001e50f000000]
CodeHeap 'profiled nmethods': size=119104Kb used=2267Kb max_used=2267Kb free=116836Kb
 bounds [0x000001e500000000, 0x000001e500270000, 0x000001e507450000]
CodeHeap 'non-nmethods': size=7488Kb used=2459Kb max_used=2474Kb free=5028Kb
 bounds [0x000001e507450000, 0x000001e5076c0000, 0x000001e507ba0000]
 total_blobs=1532 nmethods=1089 adapters=346
 compilation: enabled
              stopped_count=0, restarted_count=0
 full_count=0

Compilation events (20 events):
Event: 0.458 Thread 0x000001e57e255f80 1068       4       com.sun.tools.javac.util.List$2::hasNext (16 bytes)
Event: 0.458 Thread 0x000001e57edb6700 1081       1       jdk.internal.org.objectweb.asm.SymbolTable::getConstantPoolCount (5 bytes)
Event: 0.458 Thread 0x000001e57edb6700 nmethod 1081 0x000001e507beb690 code [0x000001e507beb820, 0x000001e507beb8e8]
Event: 0.458 Thread 0x000001e57e255f80 nmethod 1068 0x000001e507beb990 code [0x000001e507bebb20, 0x000001e507bebbd0]
Event: 0.458 Thread 0x000001e57e255f80 1069       4       com.sun.tools.javac.util.List$2::next (39 bytes)
Event: 0.458 Thread 0x000001e57f419770 nmethod 1080 0x000001e50022e590 code [0x000001e50022e8c0, 0x000001e50022f8a0]
Event: 0.459 Thread 0x000001e57e255f80 nmethod 1069 0x000001e507bebc90 code [0x000001e507bebe20, 0x000001e507bebfb8]
Event: 0.460 Thread 0x000001e57e2571c0 nmethod 1083 0x000001e50022ff10 code [0x000001e500230640, 0x000001e5002330e8]
Event: 0.461 Thread 0x000001e57edb6700 1084       1       java.lang.invoke.MethodHandleNatives::isPullModeBSM (2 bytes)
Event: 0.461 Thread 0x000001e57edb6700 nmethod 1084 0x000001e507bec090 code [0x000001e507bec220, 0x000001e507bec2c8]
Event: 0.461 Thread 0x000001e57edb6700 1085       3       java.lang.invoke.ConstantCallSite::getTarget (20 bytes)
Event: 0.461 Thread 0x000001e57edb6700 nmethod 1085 0x000001e500234410 code [0x000001e5002345c0, 0x000001e5002347f0]
Event: 0.462 Thread 0x000001e57edb6700 1086       3       java.util.concurrent.ConcurrentHashMap$ValueIterator::next (34 bytes)
Event: 0.462 Thread 0x000001e57edb6700 nmethod 1086 0x000001e500234910 code [0x000001e500234ae0, 0x000001e500234dc0]
Event: 0.462 Thread 0x000001e57edb6700 1087       3       java.lang.ThreadLocal$ThreadLocalMap::getEntry (42 bytes)
Event: 0.463 Thread 0x000001e57edb6700 nmethod 1087 0x000001e500234f10 code [0x000001e5002350e0, 0x000001e5002354c0]
Event: 0.463 Thread 0x000001e57edb6700 1088   !   3       jdk.internal.misc.Blocker::begin (97 bytes)
Event: 0.463 Thread 0x000001e57edb6700 nmethod 1088 0x000001e500235690 code [0x000001e5002358c0, 0x000001e5002361d0]
Event: 0.466 Thread 0x000001e57edb6700 1089       3       jdk.internal.misc.Blocker::end (71 bytes)
Event: 0.466 Thread 0x000001e57edb6700 nmethod 1089 0x000001e500236410 code [0x000001e500236600, 0x000001e500236ad8]

GC Heap History (9 events):
Event: 0.112 GC heap before
{Heap before GC invocations=0 (full 0):
 garbage-first heap   total 8192K, used 2048K [0x0000000704000000, 0x0000000800000000)
  region size 2048K, 1 young (2048K), 0 survivors (0K)
 Metaspace       used 1043K, committed 1216K, reserved 1114112K
  class space    used 111K, committed 192K, reserved 1048576K
}
Event: 0.114 GC heap after
{Heap after GC invocations=1 (full 0):
 garbage-first heap   total 8192K, used 1200K [0x0000000704000000, 0x0000000800000000)
  region size 2048K, 1 young (2048K), 1 survivors (2048K)
 Metaspace       used 1043K, committed 1216K, reserved 1114112K
  class space    used 111K, committed 192K, reserved 1048576K
}
Event: 0.226 GC heap before
{Heap before GC invocations=1 (full 0):
 garbage-first heap   total 8192K, used 1200K [0x0000000704000000, 0x0000000800000000)
  region size 2048K, 2 young (4096K), 1 survivors (2048K)
 Metaspace       used 3175K, committed 3392K, reserved 1114112K
  class space    used 395K, committed 512K, reserved 1048576K
}
Event: 0.228 GC heap after
{Heap after GC invocations=2 (full 0):
 garbage-first heap   total 8192K, used 1589K [0x0000000704000000, 0x0000000800000000)
  region size 2048K, 1 young (2048K), 1 survivors (2048K)
 Metaspace       used 3175K, committed 3392K, reserved 1114112K
  class space    used 395K, committed 512K, reserved 1048576K
}
Event: 0.334 GC heap before
{Heap before GC invocations=2 (full 0):
 garbage-first heap   total 8192K, used 1589K [0x0000000704000000, 0x0000000800000000)
  region size 2048K, 2 young (4096K), 1 survivors (2048K)
 Metaspace       used 7022K, committed 7232K, reserved 1114112K
  class space    used 824K, committed 896K, reserved 1048576K
}
Event: 0.338 GC heap after
{Heap after GC invocations=3 (full 0):
 garbage-first heap   total 8192K, used 2508K [0x0000000704000000, 0x0000000800000000)
  region size 2048K, 1 young (2048K), 1 survivors (2048K)
 Metaspace       used 7022K, committed 7232K, reserved 1114112K
  class space    used 824K, committed 896K, reserved 1048576K
}
Event: 0.415 GC heap before
{Heap before GC invocations=3 (full 0):
 garbage-first heap   total 8192K, used 4556K [0x0000000704000000, 0x0000000800000000)
  region size 2048K, 2 young (4096K), 1 survivors (2048K)
 Metaspace       used 8225K, committed 8448K, reserved 1114112K
  class space    used 905K, committed 1024K, reserved 1048576K
}
Event: 0.417 GC heap after
{Heap after GC invocations=4 (full 0):
 garbage-first heap   total 10240K, used 3217K [0x0000000704000000, 0x0000000800000000)
  region size 2048K, 1 young (2048K), 1 survivors (2048K)
 Metaspace       used 8225K, committed 8448K, reserved 1114112K
  class space    used 905K, committed 1024K, reserved 1048576K
}
Event: 0.467 GC heap before
{Heap before GC invocations=4 (full 0):
 garbage-first heap   total 10240K, used 3217K [0x0000000704000000, 0x0000000800000000)
  region size 2048K, 2 young (4096K), 1 survivors (2048K)
 Metaspace       used 8780K, committed 8896K, reserved 1114112K
  class space    used 967K, committed 1024K, reserved 1048576K
}

Dll operation events (6 events):
Event: 0.007 Loaded shared library C:\zulu21.30.15-ca-fx-jdk21.0.1-win_x64\zulu21.30.15-ca-fx-jdk21.0.1-win_x64\bin\java.dll
Event: 0.034 Loaded shared library C:\zulu21.30.15-ca-fx-jdk21.0.1-win_x64\zulu21.30.15-ca-fx-jdk21.0.1-win_x64\bin\jsvml.dll
Event: 0.067 Loaded shared library C:\zulu21.30.15-ca-fx-jdk21.0.1-win_x64\zulu21.30.15-ca-fx-jdk21.0.1-win_x64\bin\jimage.dll
Event: 0.138 Loaded shared library C:\zulu21.30.15-ca-fx-jdk21.0.1-win_x64\zulu21.30.15-ca-fx-jdk21.0.1-win_x64\bin\net.dll
Event: 0.139 Loaded shared library C:\zulu21.30.15-ca-fx-jdk21.0.1-win_x64\zulu21.30.15-ca-fx-jdk21.0.1-win_x64\bin\nio.dll
Event: 0.179 Loaded shared library C:\zulu21.30.15-ca-fx-jdk21.0.1-win_x64\zulu21.30.15-ca-fx-jdk21.0.1-win_x64\bin\zip.dll

Deoptimization events (20 events):
Event: 0.128 Thread 0x000001e56a501990 DEOPT PACKING pc=0x000001e507baf0a0 sp=0x0000001249afe340
Event: 0.128 Thread 0x000001e56a501990 DEOPT UNPACKING pc=0x000001e5074a46a2 sp=0x0000001249afe2d8 mode 2
Event: 0.128 Thread 0x000001e56a501990 Uncommon trap: trap_request=0xffffffc6 fr.pc=0x000001e507baf0a0 relative=0x0000000000000b40
Event: 0.128 Thread 0x000001e56a501990 Uncommon trap: reason=bimorphic_or_optimized_type_check action=maybe_recompile pc=0x000001e507baf0a0 method=java.util.HashMap.putVal(ILjava/lang/Object;Ljava/lang/Object;ZZ)Ljava/lang/Object; @ 56 c2
Event: 0.128 Thread 0x000001e56a501990 DEOPT PACKING pc=0x000001e507baf0a0 sp=0x0000001249afe340
Event: 0.128 Thread 0x000001e56a501990 DEOPT UNPACKING pc=0x000001e5074a46a2 sp=0x0000001249afe2d8 mode 2
Event: 0.128 Thread 0x000001e56a501990 Uncommon trap: trap_request=0xffffffc6 fr.pc=0x000001e507baf0a0 relative=0x0000000000000b40
Event: 0.128 Thread 0x000001e56a501990 Uncommon trap: reason=bimorphic_or_optimized_type_check action=maybe_recompile pc=0x000001e507baf0a0 method=java.util.HashMap.putVal(ILjava/lang/Object;Ljava/lang/Object;ZZ)Ljava/lang/Object; @ 56 c2
Event: 0.128 Thread 0x000001e56a501990 DEOPT PACKING pc=0x000001e507baf0a0 sp=0x0000001249afe340
Event: 0.128 Thread 0x000001e56a501990 DEOPT UNPACKING pc=0x000001e5074a46a2 sp=0x0000001249afe2d8 mode 2
Event: 0.128 Thread 0x000001e56a501990 Uncommon trap: trap_request=0xffffffc6 fr.pc=0x000001e507baf0a0 relative=0x0000000000000b40
Event: 0.128 Thread 0x000001e56a501990 Uncommon trap: reason=bimorphic_or_optimized_type_check action=maybe_recompile pc=0x000001e507baf0a0 method=java.util.HashMap.putVal(ILjava/lang/Object;Ljava/lang/Object;ZZ)Ljava/lang/Object; @ 56 c2
Event: 0.128 Thread 0x000001e56a501990 DEOPT PACKING pc=0x000001e507baf0a0 sp=0x0000001249afe340
Event: 0.128 Thread 0x000001e56a501990 DEOPT UNPACKING pc=0x000001e5074a46a2 sp=0x0000001249afe2d8 mode 2
Event: 0.183 Thread 0x000001e56a501990 DEOPT PACKING pc=0x000001e500031a99 sp=0x0000001249afe970
Event: 0.183 Thread 0x000001e56a501990 DEOPT UNPACKING pc=0x000001e5074a4e42 sp=0x0000001249afdd90 mode 0
Event: 0.378 Thread 0x000001e56a501990 Uncommon trap: trap_request=0xffffff45 fr.pc=0x000001e507bdad0c relative=0x00000000000000ec
Event: 0.378 Thread 0x000001e56a501990 Uncommon trap: reason=unstable_if action=reinterpret pc=0x000001e507bdad0c method=com.sun.tools.javac.parser.UnicodeReader.nextUnicodeInputCharacter()V @ 28 c2
Event: 0.378 Thread 0x000001e56a501990 DEOPT PACKING pc=0x000001e507bdad0c sp=0x0000001249afe5f0
Event: 0.378 Thread 0x000001e56a501990 DEOPT UNPACKING pc=0x000001e5074a46a2 sp=0x0000001249afe520 mode 2

Classes loaded (20 events):
Event: 0.462 Loading class java/nio/file/attribute/AclFileAttributeView
Event: 0.462 Loading class java/nio/file/attribute/FileOwnerAttributeView
Event: 0.462 Loading class java/nio/file/attribute/FileOwnerAttributeView done
Event: 0.462 Loading class java/nio/file/attribute/AclFileAttributeView done
Event: 0.462 Loading class sun/nio/fs/AbstractAclFileAttributeView done
Event: 0.462 Loading class sun/nio/fs/WindowsAclFileAttributeView done
Event: 0.462 Loading class sun/nio/fs/WindowsSecurity
Event: 0.462 Loading class sun/nio/fs/WindowsSecurity done
Event: 0.462 Loading class sun/nio/fs/WindowsFileStore
Event: 0.463 Loading class sun/nio/fs/WindowsFileStore done
Event: 0.465 Loading class java/nio/file/AccessDeniedException
Event: 0.465 Loading class java/nio/file/AccessDeniedException done
Event: 0.465 Loading class java/nio/file/attribute/PosixFileAttributeView
Event: 0.465 Loading class java/nio/file/attribute/PosixFileAttributeView done
Event: 0.466 Loading class sun/nio/fs/WindowsChannelFactory$2
Event: 0.466 Loading class sun/nio/fs/WindowsChannelFactory$2 done
Event: 0.466 Loading class java/nio/channels/spi/AbstractInterruptibleChannel$1
Event: 0.466 Loading class sun/nio/ch/Interruptible
Event: 0.466 Loading class sun/nio/ch/Interruptible done
Event: 0.466 Loading class java/nio/channels/spi/AbstractInterruptibleChannel$1 done

Classes unloaded (0 events):
No events

Classes redefined (0 events):
No events

Internal exceptions (16 events):
Event: 0.125 Thread 0x000001e56a501990 Exception <a 'java/lang/NoSuchMethodError'{0x000000070461dc48}: 'void java.lang.invoke.DirectMethodHandle$Holder.invokeSpecial(java.lang.Object, java.lang.Object, java.lang.Object)'> (0x000000070461dc48) 
thrown [s\src\hotspot\share\interpreter\linkResolver.cpp, line 773]
Event: 0.162 Thread 0x000001e56a501990 Exception <a 'java/lang/NoSuchMethodError'{0x0000000704687d28}: 'java.lang.Object java.lang.invoke.DirectMethodHandle$Holder.invokeVirtual(java.lang.Object, java.lang.Object, java.lang.Object)'> (0x0000000704687d28) 
thrown [s\src\hotspot\share\interpreter\linkResolver.cpp, line 773]
Event: 0.165 Thread 0x000001e56a501990 Exception <a 'java/lang/NoSuchMethodError'{0x0000000704694560}: 'int java.lang.invoke.DirectMethodHandle$Holder.invokeInterface(java.lang.Object, java.lang.Object)'> (0x0000000704694560) 
thrown [s\src\hotspot\share\interpreter\linkResolver.cpp, line 773]
Event: 0.181 Thread 0x000001e56a501990 Exception <a 'sun/nio/fs/WindowsException'{0x0000000704705d98}> (0x0000000704705d98) 
thrown [s\src\hotspot\share\prims\jni.cpp, line 520]
Event: 0.184 Thread 0x000001e56a501990 Exception <a 'sun/nio/fs/WindowsException'{0x00000007047324b8}> (0x00000007047324b8) 
thrown [s\src\hotspot\share\prims\jni.cpp, line 520]
Event: 0.185 Thread 0x000001e56a501990 Exception <a 'java/lang/NoSuchMethodError'{0x0000000704737448}: 'int java.lang.invoke.DirectMethodHandle$Holder.invokeVirtual(java.lang.Object, java.lang.Object, java.lang.Object)'> (0x0000000704737448) 
thrown [s\src\hotspot\share\interpreter\linkResolver.cpp, line 773]
Event: 0.186 Thread 0x000001e56a501990 Exception <a 'java/lang/NoSuchMethodError'{0x000000070473e7b0}: 'void java.lang.invoke.DirectMethodHandle$Holder.invokeInterface(java.lang.Object, java.lang.Object, java.lang.Object)'> (0x000000070473e7b0) 
thrown [s\src\hotspot\share\interpreter\linkResolver.cpp, line 773]
Event: 0.252 Thread 0x000001e56a501990 Exception <a 'java/lang/NoSuchMethodError'{0x00000007046718e8}: 'int java.lang.invoke.DirectMethodHandle$Holder.invokeStaticInit(java.lang.Object, java.lang.Object)'> (0x00000007046718e8) 
thrown [s\src\hotspot\share\interpreter\linkResolver.cpp, line 773]
Event: 0.300 Thread 0x000001e56a501990 Exception <a 'java/lang/NoSuchMethodError'{0x0000000704728430}: 'int java.lang.invoke.DirectMethodHandle$Holder.invokeVirtual(java.lang.Object, java.lang.Object)'> (0x0000000704728430) 
thrown [s\src\hotspot\share\interpreter\linkResolver.cpp, line 773]
Event: 0.304 Thread 0x000001e56a501990 Exception <a 'java/lang/NoSuchMethodError'{0x000000070474dbb0}: 'java.lang.Object java.lang.invoke.DirectMethodHandle$Holder.newInvokeSpecial(java.lang.Object, java.lang.Object, java.lang.Object, java.lang.Object, java.lang.Object)'> (0x000000070474dbb0) 
thrown [s\src\hotspot\share\interpreter\linkResolver.cpp, line 773]
Event: 0.306 Thread 0x000001e56a501990 Exception <a 'java/lang/NoSuchMethodError'{0x000000070475adc0}: 'java.lang.Object java.lang.invoke.DirectMethodHandle$Holder.newInvokeSpecial(java.lang.Object, java.lang.Object, java.lang.Object, java.lang.Object, java.lang.Object, java.lang.Object)'> (0x000000070475adc0) 
thrown [s\src\hotspot\share\interpreter\linkResolver.cpp, line 773]
Event: 0.322 Thread 0x000001e56a501990 Exception <a 'sun/nio/fs/WindowsException'{0x00000007047a21c8}> (0x00000007047a21c8) 
thrown [s\src\hotspot\share\prims\jni.cpp, line 520]
Event: 0.392 Thread 0x000001e56a501990 Exception <a 'sun/nio/fs/WindowsException'{0x0000000704731ad8}> (0x0000000704731ad8) 
thrown [s\src\hotspot\share\prims\jni.cpp, line 520]
Event: 0.393 Thread 0x000001e56a501990 Exception <a 'sun/nio/fs/WindowsException'{0x0000000704732450}> (0x0000000704732450) 
thrown [s\src\hotspot\share\prims\jni.cpp, line 520]
Event: 0.424 Thread 0x000001e56a501990 Exception <a 'java/lang/NoSuchMethodError'{0x00000007046259c0}: 'java.lang.Object java.lang.invoke.DirectMethodHandle$Holder.invokeSpecial(java.lang.Object, java.lang.Object, java.lang.Object, int, int)'> (0x00000007046259c0) 
thrown [s\src\hotspot\share\interpreter\linkResolver.cpp, line 773]
Event: 0.424 Thread 0x000001e56a501990 Exception <a 'java/lang/NoSuchMethodError'{0x000000070462bc90}: 'java.lang.Object java.lang.invoke.DirectMethodHandle$Holder.invokeVirtual(java.lang.Object, java.lang.Object, int)'> (0x000000070462bc90) 
thrown [s\src\hotspot\share\interpreter\linkResolver.cpp, line 773]

ZGC Phase Switch (0 events):
No events

VM Operations (19 events):
Event: 0.056 Executing VM operation: HandshakeAllThreads (Deoptimize)
Event: 0.056 Executing VM operation: HandshakeAllThreads (Deoptimize) done
Event: 0.112 Executing VM operation: G1CollectForAllocation (G1 Evacuation Pause)
Event: 0.115 Executing VM operation: G1CollectForAllocation (G1 Evacuation Pause) done
Event: 0.128 Executing VM operation: HandshakeAllThreads (Deoptimize)
Event: 0.128 Executing VM operation: HandshakeAllThreads (Deoptimize) done
Event: 0.160 Executing VM operation: HandshakeAllThreads (Deoptimize)
Event: 0.160 Executing VM operation: HandshakeAllThreads (Deoptimize) done
Event: 0.168 Executing VM operation: HandshakeAllThreads (Deoptimize)
Event: 0.168 Executing VM operation: HandshakeAllThreads (Deoptimize) done
Event: 0.226 Executing VM operation: G1CollectForAllocation (G1 Evacuation Pause)
Event: 0.228 Executing VM operation: G1CollectForAllocation (G1 Evacuation Pause) done
Event: 0.334 Executing VM operation: G1CollectForAllocation (G1 Evacuation Pause)
Event: 0.338 Executing VM operation: G1CollectForAllocation (G1 Evacuation Pause) done
Event: 0.394 Executing VM operation: HandshakeAllThreads (Deoptimize)
Event: 0.394 Executing VM operation: HandshakeAllThreads (Deoptimize) done
Event: 0.415 Executing VM operation: G1CollectForAllocation (G1 Evacuation Pause)
Event: 0.417 Executing VM operation: G1CollectForAllocation (G1 Evacuation Pause) done
Event: 0.467 Executing VM operation: G1CollectForAllocation (G1 Evacuation Pause)

Events (13 events):
Event: 0.021 Thread 0x000001e56a501990 Thread added: 0x000001e56a501990
Event: 0.032 Thread 0x000001e57e248e30 Thread added: 0x000001e57e248e30
Event: 0.032 Thread 0x000001e57e249af0 Thread added: 0x000001e57e249af0
Event: 0.032 Thread 0x000001e57e24c0e0 Thread added: 0x000001e57e24c0e0
Event: 0.033 Thread 0x000001e57e24eeb0 Thread added: 0x000001e57e24eeb0
Event: 0.033 Thread 0x000001e57e252060 Thread added: 0x000001e57e252060
Event: 0.033 Thread 0x000001e57e253000 Thread added: 0x000001e57e253000
Event: 0.033 Thread 0x000001e57e255f80 Thread added: 0x000001e57e255f80
Event: 0.033 Thread 0x000001e57e2571c0 Thread added: 0x000001e57e2571c0
Event: 0.037 Thread 0x000001e57edb6700 Thread added: 0x000001e57edb6700
Event: 0.048 Thread 0x000001e57eea8ab0 Thread added: 0x000001e57eea8ab0
Event: 0.065 Thread 0x000001e57ef01f00 Thread added: 0x000001e57ef01f00
Event: 0.363 Thread 0x000001e57f419770 Thread added: 0x000001e57f419770


Dynamic libraries:
0x00007ff6f2080000 - 0x00007ff6f2088000 	C:\zulu21.30.15-ca-fx-jdk21.0.1-win_x64\zulu21.30.15-ca-fx-jdk21.0.1-win_x64\bin\javac.exe
0x00007ffd7b1b0000 - 0x00007ffd7b3c7000 	C:\Windows\SYSTEM32\ntdll.dll
0x00007ffd794e0000 - 0x00007ffd795a4000 	C:\Windows\System32\KERNEL32.DLL
0x00007ffd78520000 - 0x00007ffd788c6000 	C:\Windows\System32\KERNELBASE.dll
0x00007ffd789f0000 - 0x00007ffd78b01000 	C:\Windows\System32\ucrtbase.dll
0x00007ffd6d4f0000 - 0x00007ffd6d508000 	C:\zulu21.30.15-ca-fx-jdk21.0.1-win_x64\zulu21.30.15-ca-fx-jdk21.0.1-win_x64\bin\jli.dll
0x00007ffd6d560000 - 0x00007ffd6d57b000 	C:\zulu21.30.15-ca-fx-jdk21.0.1-win_x64\zulu21.30.15-ca-fx-jdk21.0.1-win_x64\bin\VCRUNTIME140.dll
0x00007ffd79250000 - 0x00007ffd793fe000 	C:\Windows\System32\USER32.dll
0x00007ffd78e10000 - 0x00007ffd78e36000 	C:\Windows\System32\win32u.dll
0x00007ffd50680000 - 0x00007ffd50913000 	C:\Windows\WinSxS\amd64_microsoft.windows.common-controls_6595b64144ccf1df_6.0.22621.2506_none_270c5ae97388e100\COMCTL32.dll
0x00007ffd7ab80000 - 0x00007ffd7aba9000 	C:\Windows\System32\GDI32.dll
0x00007ffd7aad0000 - 0x00007ffd7ab77000 	C:\Windows\System32\msvcrt.dll
0x00007ffd788d0000 - 0x00007ffd789e8000 	C:\Windows\System32\gdi32full.dll
0x00007ffd78b10000 - 0x00007ffd78baa000 	C:\Windows\System32\msvcp_win.dll
0x00007ffd79a60000 - 0x00007ffd79a91000 	C:\Windows\System32\IMM32.DLL
0x00007ffd71fb0000 - 0x00007ffd71fbc000 	C:\zulu21.30.15-ca-fx-jdk21.0.1-win_x64\zulu21.30.15-ca-fx-jdk21.0.1-win_x64\bin\vcruntime140_1.dll
0x00007ffd465a0000 - 0x00007ffd4662e000 	C:\zulu21.30.15-ca-fx-jdk21.0.1-win_x64\zulu21.30.15-ca-fx-jdk21.0.1-win_x64\bin\msvcp140.dll
0x00007ffccfe60000 - 0x00007ffcd0bed000 	C:\zulu21.30.15-ca-fx-jdk21.0.1-win_x64\zulu21.30.15-ca-fx-jdk21.0.1-win_x64\bin\server\jvm.dll
0x00007ffd7a710000 - 0x00007ffd7a7c1000 	C:\Windows\System32\ADVAPI32.dll
0x00007ffd79b10000 - 0x00007ffd79bb5000 	C:\Windows\System32\sechost.dll
0x00007ffd795b0000 - 0x00007ffd796c7000 	C:\Windows\System32\RPCRT4.dll
0x00007ffd79460000 - 0x00007ffd794d1000 	C:\Windows\System32\WS2_32.dll
0x00007ffd6d6c0000 - 0x00007ffd6d6f4000 	C:\Windows\SYSTEM32\WINMM.dll
0x00007ffd77370000 - 0x00007ffd773bd000 	C:\Windows\SYSTEM32\POWRPROF.dll
0x00007ffd658c0000 - 0x00007ffd658ca000 	C:\Windows\SYSTEM32\VERSION.dll
0x00007ffd77350000 - 0x00007ffd77363000 	C:\Windows\SYSTEM32\UMPDC.dll
0x00007ffd77610000 - 0x00007ffd77628000 	C:\Windows\SYSTEM32\kernel.appcore.dll
0x00007ffd6d700000 - 0x00007ffd6d70a000 	C:\zulu21.30.15-ca-fx-jdk21.0.1-win_x64\zulu21.30.15-ca-fx-jdk21.0.1-win_x64\bin\jimage.dll
0x00007ffd75ea0000 - 0x00007ffd760d3000 	C:\Windows\SYSTEM32\DBGHELP.DLL
0x00007ffd796d0000 - 0x00007ffd79a59000 	C:\Windows\System32\combase.dll
0x00007ffd78f10000 - 0x00007ffd78fe7000 	C:\Windows\System32\OLEAUT32.dll
0x00007ffd552a0000 - 0x00007ffd552d2000 	C:\Windows\SYSTEM32\dbgcore.DLL
0x00007ffd78d90000 - 0x00007ffd78e0a000 	C:\Windows\System32\bcryptPrimitives.dll
0x00007ffd67880000 - 0x00007ffd6789f000 	C:\zulu21.30.15-ca-fx-jdk21.0.1-win_x64\zulu21.30.15-ca-fx-jdk21.0.1-win_x64\bin\java.dll
0x00007ffd79bc0000 - 0x00007ffd7a41a000 	C:\Windows\System32\SHELL32.dll
0x00007ffd76410000 - 0x00007ffd76d06000 	C:\Windows\SYSTEM32\windows.storage.dll
0x00007ffd762d0000 - 0x00007ffd7640e000 	C:\Windows\SYSTEM32\wintypes.dll
0x00007ffd7b070000 - 0x00007ffd7b163000 	C:\Windows\System32\SHCORE.dll
0x00007ffd79400000 - 0x00007ffd7945e000 	C:\Windows\System32\shlwapi.dll
0x00007ffd78450000 - 0x00007ffd78476000 	C:\Windows\SYSTEM32\profapi.dll
0x00007ffd1c740000 - 0x00007ffd1c817000 	C:\zulu21.30.15-ca-fx-jdk21.0.1-win_x64\zulu21.30.15-ca-fx-jdk21.0.1-win_x64\bin\jsvml.dll
0x00007ffd67870000 - 0x00007ffd67880000 	C:\zulu21.30.15-ca-fx-jdk21.0.1-win_x64\zulu21.30.15-ca-fx-jdk21.0.1-win_x64\bin\net.dll
0x00007ffd6ffc0000 - 0x00007ffd700f7000 	C:\Windows\SYSTEM32\WINHTTP.dll
0x00007ffd77a90000 - 0x00007ffd77af9000 	C:\Windows\system32\mswsock.dll
0x00007ffd67850000 - 0x00007ffd67866000 	C:\zulu21.30.15-ca-fx-jdk21.0.1-win_x64\zulu21.30.15-ca-fx-jdk21.0.1-win_x64\bin\nio.dll
0x00007ffd60bb0000 - 0x00007ffd60bc8000 	C:\zulu21.30.15-ca-fx-jdk21.0.1-win_x64\zulu21.30.15-ca-fx-jdk21.0.1-win_x64\bin\zip.dll

dbghelp: loaded successfully - version: 4.0.5 - missing functions: none
symbol engine: initialized successfully - sym options: 0x614 - pdb path: .;C:\zulu21.30.15-ca-fx-jdk21.0.1-win_x64\zulu21.30.15-ca-fx-jdk21.0.1-win_x64\bin;C:\Windows\SYSTEM32;C:\Windows\WinSxS\amd64_microsoft.windows.common-controls_6595b64144ccf1df_6.0.22621.2506_none_270c5ae97388e100;C:\zulu21.30.15-ca-fx-jdk21.0.1-win_x64\zulu21.30.15-ca-fx-jdk21.0.1-win_x64\bin\server

VM Arguments:
jvm_args: -Dapplication.home=C:\zulu21.30.15-ca-fx-jdk21.0.1-win_x64\zulu21.30.15-ca-fx-jdk21.0.1-win_x64 --add-modules=ALL-DEFAULT -Xms8m -Djdk.module.main=jdk.compiler 
java_command: jdk.compiler/com.sun.tools.javac.Main -d C:\Users\Elga\Documents\prl23\MovieTicketBookingManagement\build\classes -classpath C:\Users\Elga\Documents\prl23\MovieTicketBookingManagement\build\classes;C:\Users\Elga\Downloads\ojdbc11.jar;C:\Users\Elga\Downloads\mysql-connector-j-8.2.0\mysql-connector-j-8.2.0\mysql-connector-j-8.2.0.jar -sourcepath C:\Users\Elga\Documents\prl23\MovieTicketBookingManagement\build\empty -target 21 -encoding UTF-8 -g -processorpath C:\Users\Elga\Downloads\ojdbc11.jar;C:\Users\Elga\Downloads\mysql-connector-j-8.2.0\mysql-connector-j-8.2.0\mysql-connector-j-8.2.0.jar;C:\Users\Elga\Documents\prl23\MovieTicketBookingManagement\build\empty -s C:\Users\Elga\Documents\prl23\MovieTicketBookingManagement\build\generated-sources\ap-source-output -source 21 C:\Users\Elga\Documents\prl23\MovieTicketBookingManagement\src\movieticketbookingmanagement\DashboardController.java
java_class_path (initial): <not set>
Launcher Type: SUN_STANDARD

[Global flags]
     intx CICompilerCount                          = 12                                        {product} {ergonomic}
     uint ConcGCThreads                            = 4                                         {product} {ergonomic}
     uint G1ConcRefinementThreads                  = 15                                        {product} {ergonomic}
   size_t G1HeapRegionSize                         = 2097152                                   {product} {ergonomic}
    uintx GCDrainStackTargetSize                   = 64                                        {product} {ergonomic}
   size_t InitialHeapSize                          = 8388608                                   {product} {command line}
   size_t MarkStackSize                            = 4194304                                   {product} {ergonomic}
   size_t MaxHeapSize                              = 4227858432                                {product} {ergonomic}
   size_t MaxNewSize                               = 2535456768                                {product} {ergonomic}
   size_t MinHeapDeltaBytes                        = 2097152                                   {product} {ergonomic}
   size_t MinHeapSize                              = 8388608                                   {product} {command line}
    uintx NonNMethodCodeHeapSize                   = 7602480                                {pd product} {ergonomic}
    uintx NonProfiledCodeHeapSize                  = 122027880                              {pd product} {ergonomic}
    uintx ProfiledCodeHeapSize                     = 122027880                              {pd product} {ergonomic}
    uintx ReservedCodeCacheSize                    = 251658240                              {pd product} {ergonomic}
     bool SegmentedCodeCache                       = true                                      {product} {ergonomic}
   size_t SoftMaxHeapSize                          = 4227858432                             {manageable} {ergonomic}
     bool UseCompressedOops                        = true                           {product lp64_product} {ergonomic}
     bool UseG1GC                                  = true                                      {product} {ergonomic}
     bool UseLargePagesIndividualAllocation        = false                                  {pd product} {ergonomic}

Logging:
Log output configuration:
 #0: stdout all=warning uptime,level,tags foldmultilines=false
 #1: stderr all=off uptime,level,tags foldmultilines=false

Environment Variables:
PATH=C:\Users\Elga\Downloads\WINDOWS.X64_193000_db_home\bin;C:\Program Files\Eclipse Adoptium\jdk-21.0.0.35-hotspot\bin;C:\Users\Elga\Downloads\apache-maven-3.9.4-bin\apache-maven-3.9.4\bin;C:\Program Files\Common Files\Oracle\Java\javapath;C:\Windows\system32;C:\Windows;C:\Windows\System32\Wbem;C:\Windows\System32\WindowsPowerShell\v1.0\;C:\Windows\System32\OpenSSH\;C:\Program Files\Git\cmd;C:\Program Files\dotnet\;C:\Program Files\CMake\bin;C:\Program Files (x86)\Windows Kits\10\Windows Performance Toolkit\;C:\Program Files\PowerShell\7\;C:\Program Files\nodejs\;C:\Users\Elga\AppData\Local\Microsoft\WindowsApps;;C:\Users\Elga\AppData\Local\Programs\Microsoft VS Code\bin;C:\Program Files\JetBrains\IntelliJ IDEA 2023.2.2\bin;;C:\Program Files\JetBrains\PyCharm Community Edition 2023.2.2\bin;;C:\Program Files\JetBrains\IntelliJ IDEA Community Edition 2023.2.2\bin;;C:\Users\Elga\.dotnet\tools;C:\Users\Elga\AppData\Roaming\npm
USERNAME=Elga
OS=Windows_NT
PROCESSOR_IDENTIFIER=Intel64 Family 6 Model 186 Stepping 2, GenuineIntel
TMP=C:\Users\Elga\AppData\Local\Temp
TEMP=C:\Users\Elga\AppData\Local\Temp




Periodic native trim disabled

---------------  S Y S T E M  ---------------

OS:
 Windows 11 , 64 bit Build 22621 (10.0.22621.2506)
OS uptime: 4 days 0:48 hours
Hyper-V role detected

CPU: total 20 (initial active 20) (10 cores per cpu, 2 threads per core) family 6 model 186 stepping 2 microcode 0x410e, cx8, cmov, fxsr, ht, mmx, 3dnowpref, sse, sse2, sse3, ssse3, sse4.1, sse4.2, popcnt, lzcnt, tsc, tscinvbit, avx, avx2, aes, erms, clmul, bmi1, bmi2, adx, sha, fma, vzeroupper, clflush, clflushopt, clwb, hv, serialize, rdtscp, rdpid, fsrm, f16c, cet_ibt, cet_ss
Processor Information for processor 0
  Max Mhz: 2400, Current Mhz: 2400, Mhz Limit: 2400
Processor Information for processor 1
  Max Mhz: 2400, Current Mhz: 2400, Mhz Limit: 2400
Processor Information for processor 2
  Max Mhz: 2400, Current Mhz: 2400, Mhz Limit: 2400
Processor Information for processor 3
  Max Mhz: 2400, Current Mhz: 2400, Mhz Limit: 2400
Processor Information for processor 4
  Max Mhz: 2400, Current Mhz: 2400, Mhz Limit: 2400
Processor Information for processor 5
  Max Mhz: 2400, Current Mhz: 2400, Mhz Limit: 2400
Processor Information for processor 6
  Max Mhz: 2400, Current Mhz: 2400, Mhz Limit: 2400
Processor Information for processor 7
  Max Mhz: 2400, Current Mhz: 2400, Mhz Limit: 2400
Processor Information for processor 8
  Max Mhz: 2400, Current Mhz: 2400, Mhz Limit: 2400
Processor Information for processor 9
  Max Mhz: 2400, Current Mhz: 2400, Mhz Limit: 2400
Processor Information for processor 10
  Max Mhz: 2400, Current Mhz: 2400, Mhz Limit: 2400
Processor Information for processor 11
  Max Mhz: 2400, Current Mhz: 1520, Mhz Limit: 2400
Processor Information for processor 12
  Max Mhz: 2400, Current Mhz: 1466, Mhz Limit: 2400
Processor Information for processor 13
  Max Mhz: 2400, Current Mhz: 1466, Mhz Limit: 2400
Processor Information for processor 14
  Max Mhz: 2400, Current Mhz: 1466, Mhz Limit: 2400
Processor Information for processor 15
  Max Mhz: 2400, Current Mhz: 1466, Mhz Limit: 2400
Processor Information for processor 16
  Max Mhz: 2400, Current Mhz: 1466, Mhz Limit: 2400
Processor Information for processor 17
  Max Mhz: 2400, Current Mhz: 1466, Mhz Limit: 2400
Processor Information for processor 18
  Max Mhz: 2400, Current Mhz: 1466, Mhz Limit: 2400
Processor Information for processor 19
  Max Mhz: 2400, Current Mhz: 1466, Mhz Limit: 2400

Memory: 4k page, system-wide physical 16124M (310M free)
TotalPageFile size 65276M (AvailPageFile size 7M)
current process WorkingSet (physical memory assigned to process): 77M, peak: 77M
current process commit charge ("private bytes"): 127M, peak: 131M

vm_info: OpenJDK 64-Bit Server VM (21.0.1+12-LTS) for windows-amd64 JRE (21.0.1+12-LTS) (Zulu21.30+15-CA), built on 2023-10-11T21:38:45Z by "zulu_re" with MS VC++ 17.1 (VS2022)

END.
