#
# There is insufficient memory for the Java Runtime Environment to continue.
# Native memory allocation (malloc) failed to allocate 32744 bytes for Chunk::new
# Possible reasons:
#   The system is out of physical RAM or swap space
#   The process is running with CompressedOops enabled, and the Java Heap may be blocking the growth of the native heap
# Possible solutions:
#   Reduce memory load on the system
#   Increase physical memory or swap space
#   Check if swap backing store is full
#   Decrease Java heap size (-Xmx/-Xms)
#   Decrease number of Java threads
#   Decrease Java thread stack sizes (-Xss)
#   Set larger code cache with -XX:ReservedCodeCacheSize=
#   JVM is running with Zero Based Compressed Oops mode in which the Java heap is
#     placed in the first 32GB address space. The Java Heap base address is the
#     maximum limit for the native heap growth. Please use -XX:HeapBaseMinAddress
#     to set the Java Heap base and to place the Java Heap above 32GB virtual address.
# This output file may be truncated or incomplete.
#
#  Out of Memory Error (arena.cpp:168), pid=12172, tid=31756
#
# JRE version: OpenJDK Runtime Environment Zulu21.30+15-CA (21.0.1+12) (build 21.0.1+12-LTS)
# Java VM: OpenJDK 64-Bit Server VM Zulu21.30+15-CA (21.0.1+12-LTS, mixed mode, sharing, tiered, compressed oops, compressed class ptrs, g1 gc, windows-amd64)
# No core dump will be written. Minidumps are not enabled by default on client versions of Windows
#

---------------  S U M M A R Y ------------

Command Line: -Dfile.encoding=UTF-8 movieticketbookingmanagement.MovieTicketBookingManagement

Host: 13th Gen Intel(R) Core(TM) i7-13700H, 20 cores, 15G,  Windows 11 , 64 bit Build 22621 (10.0.22621.2506)
Time: Fri Dec 29 16:45:30 2023 SE Asia Standard Time elapsed time: 21.687164 seconds (0d 0h 0m 21s)

---------------  T H R E A D  ---------------

Current thread (0x00000149fe11a440):  JavaThread "C1 CompilerThread0" daemon [_thread_in_native, id=31756, stack(0x0000002f50a00000,0x0000002f50b00000) (1024K)]


Current CompileTask:
C1:  21687 2932       3       javafx.scene.layout.Region::computeChildPrefAreaHeight (273 bytes)

Stack: [0x0000002f50a00000,0x0000002f50b00000]
Native frames: (J=compiled Java code, j=interpreted, Vv=VM code, C=native code)
V  [jvm.dll+0x6cea19]
V  [jvm.dll+0x8a9ef1]
V  [jvm.dll+0x8ac1ce]
V  [jvm.dll+0x8ac8b3]
V  [jvm.dll+0x283e46]
V  [jvm.dll+0xc5a4d]
V  [jvm.dll+0xc5f63]
V  [jvm.dll+0x19c1b2]
V  [jvm.dll+0x19bd2c]
V  [jvm.dll+0x19bd2c]
V  [jvm.dll+0x19a9d4]
V  [jvm.dll+0x19ac9a]
V  [jvm.dll+0x19d1ee]
V  [jvm.dll+0x1568c3]
V  [jvm.dll+0x156178]
V  [jvm.dll+0x1563b4]
V  [jvm.dll+0x1557f6]
V  [jvm.dll+0x15755d]
V  [jvm.dll+0x25b089]
V  [jvm.dll+0x25966a]
V  [jvm.dll+0x3f2bd6]
V  [jvm.dll+0x8526e8]
V  [jvm.dll+0x6cd16d]
C  [ucrtbase.dll+0x29363]
C  [KERNEL32.DLL+0x1257d]
C  [ntdll.dll+0x5aa58]


---------------  P R O C E S S  ---------------

Threads class SMR info:
_java_thread_list=0x00000149fe39f5d0, length=19, elements={
0x00000149e7bb37b0, 0x00000149fe100080, 0x00000149fe100d40, 0x00000149fe102f20,
0x00000149fe105bf0, 0x00000149fe10e9f0, 0x00000149fe1108f0, 0x00000149fe1162c0,
0x00000149fe11a440, 0x00000149fe2cd880, 0x00000149fe2ce0b0, 0x00000149fe6e7e60,
0x00000149feb78970, 0x00000149feb89c50, 0x00000149fed26a30, 0x00000149fed74d80,
0x00000149d6a930d0, 0x00000149d70f6040, 0x00000149fe4c9cf0
}

Java Threads: ( => current thread )
  0x00000149e7bb37b0 JavaThread "main"                              [_thread_blocked, id=34876, stack(0x0000002f4fb00000,0x0000002f4fc00000) (1024K)]
  0x00000149fe100080 JavaThread "Reference Handler"          daemon [_thread_blocked, id=13356, stack(0x0000002f50300000,0x0000002f50400000) (1024K)]
  0x00000149fe100d40 JavaThread "Finalizer"                  daemon [_thread_blocked, id=11084, stack(0x0000002f50400000,0x0000002f50500000) (1024K)]
  0x00000149fe102f20 JavaThread "Signal Dispatcher"          daemon [_thread_blocked, id=31788, stack(0x0000002f50500000,0x0000002f50600000) (1024K)]
  0x00000149fe105bf0 JavaThread "Attach Listener"            daemon [_thread_blocked, id=8352, stack(0x0000002f50600000,0x0000002f50700000) (1024K)]
  0x00000149fe10e9f0 JavaThread "Service Thread"             daemon [_thread_blocked, id=45768, stack(0x0000002f50700000,0x0000002f50800000) (1024K)]
  0x00000149fe1108f0 JavaThread "Monitor Deflation Thread"   daemon [_thread_blocked, id=9536, stack(0x0000002f50800000,0x0000002f50900000) (1024K)]
  0x00000149fe1162c0 JavaThread "C2 CompilerThread0"         daemon [_thread_blocked, id=22656, stack(0x0000002f50900000,0x0000002f50a00000) (1024K)]
=>0x00000149fe11a440 JavaThread "C1 CompilerThread0"         daemon [_thread_in_native, id=31756, stack(0x0000002f50a00000,0x0000002f50b00000) (1024K)]
  0x00000149fe2cd880 JavaThread "Notification Thread"        daemon [_thread_blocked, id=12912, stack(0x0000002f50c00000,0x0000002f50d00000) (1024K)]
  0x00000149fe2ce0b0 JavaThread "Common-Cleaner"             daemon [_thread_blocked, id=44360, stack(0x0000002f50d00000,0x0000002f50e00000) (1024K)]
  0x00000149fe6e7e60 JavaThread "QuantumRenderer-0"          daemon [_thread_blocked, id=18912, stack(0x0000002f50e00000,0x0000002f50f00000) (1024K)]
  0x00000149feb78970 JavaThread "InvokeLaterDispatcher"      daemon [_thread_blocked, id=28324, stack(0x0000002f51300000,0x0000002f51400000) (1024K)]
  0x00000149feb89c50 JavaThread "JavaFX Application Thread"         [_thread_in_native, id=21036, stack(0x0000002f51400000,0x0000002f51500000) (1024K)]
  0x00000149fed26a30 JavaThread "JavaFX-Launcher"                   [_thread_blocked, id=28212, stack(0x0000002f51700000,0x0000002f51800000) (1024K)]
  0x00000149fed74d80 JavaThread "Thread-2"                   daemon [_thread_in_native, id=42756, stack(0x0000002f51600000,0x0000002f51700000) (1024K)]
  0x00000149d6a930d0 JavaThread "Prism Font Disposer"        daemon [_thread_blocked, id=21628, stack(0x0000002f51900000,0x0000002f51a00000) (1024K)]
  0x00000149d70f6040 JavaThread "Cleaner-0"                  daemon [_thread_blocked, id=14896, stack(0x0000002f52700000,0x0000002f52800000) (1024K)]
  0x00000149fe4c9cf0 JavaThread "C1 CompilerThread1"         daemon [_thread_in_native, id=39084, stack(0x0000002f50b00000,0x0000002f50c00000) (1024K)]
Total: 19

Other Threads:
  0x00000149f9e60650 VMThread "VM Thread"                           [id=11500, stack(0x0000002f50200000,0x0000002f50300000) (1024K)]
  0x00000149f9e45b80 WatcherThread "VM Periodic Task Thread"        [id=27124, stack(0x0000002f50100000,0x0000002f50200000) (1024K)]
  0x00000149e7c1a120 WorkerThread "GC Thread#0"                     [id=21420, stack(0x0000002f4fc00000,0x0000002f4fd00000) (1024K)]
  0x00000149d6dd7fc0 WorkerThread "GC Thread#1"                     [id=44640, stack(0x0000002f51d00000,0x0000002f51e00000) (1024K)]
  0x00000149d6dd8b70 WorkerThread "GC Thread#2"                     [id=28832, stack(0x0000002f51e00000,0x0000002f51f00000) (1024K)]
  0x00000149d6e58910 WorkerThread "GC Thread#3"                     [id=30624, stack(0x0000002f51f00000,0x0000002f52000000) (1024K)]
  0x00000149d6e58cb0 WorkerThread "GC Thread#4"                     [id=20256, stack(0x0000002f52000000,0x0000002f52100000) (1024K)]
  0x00000149d6e59b80 WorkerThread "GC Thread#5"                     [id=30432, stack(0x0000002f52100000,0x0000002f52200000) (1024K)]
  0x00000149d6e5a2c0 WorkerThread "GC Thread#6"                     [id=35020, stack(0x0000002f52200000,0x0000002f52300000) (1024K)]
  0x00000149d6e590a0 WorkerThread "GC Thread#7"                     [id=28676, stack(0x0000002f52300000,0x0000002f52400000) (1024K)]
  0x00000149d6e597e0 WorkerThread "GC Thread#8"                     [id=45236, stack(0x0000002f52400000,0x0000002f52500000) (1024K)]
  0x00000149d6e59f20 WorkerThread "GC Thread#9"                     [id=45152, stack(0x0000002f52500000,0x0000002f52600000) (1024K)]
  0x00000149d6e5aa00 WorkerThread "GC Thread#10"                    [id=7336, stack(0x0000002f52600000,0x0000002f52700000) (1024K)]
  0x00000149e7c2ac10 ConcurrentGCThread "G1 Main Marker"            [id=11828, stack(0x0000002f4fd00000,0x0000002f4fe00000) (1024K)]
  0x00000149e7c2b620 WorkerThread "G1 Conc#0"                       [id=14036, stack(0x0000002f4fe00000,0x0000002f4ff00000) (1024K)]
  0x00000149e7c7e3d0 ConcurrentGCThread "G1 Refine#0"               [id=23220, stack(0x0000002f4ff00000,0x0000002f50000000) (1024K)]
  0x00000149f9d1c430 ConcurrentGCThread "G1 Service"                [id=19088, stack(0x0000002f50000000,0x0000002f50100000) (1024K)]
Total: 17

Threads with active compile tasks:
C1 CompilerThread0    21719 2932       3       javafx.scene.layout.Region::computeChildPrefAreaHeight (273 bytes)
C1 CompilerThread1    21719 2940 %     3       com.sun.marlin.Renderer::_endRendering @ 787 (2639 bytes)
Total: 2

VM state: not at safepoint (normal execution)

VM Mutex/Monitor currently owned by a thread: None

Heap address: 0x0000000704000000, size: 4032 MB, Compressed Oops mode: Zero based, Oop shift amount: 3

CDS archive(s) mapped at: [0x000001498f000000-0x000001498fc90000-0x000001498fc90000), size 13172736, SharedBaseAddress: 0x000001498f000000, ArchiveRelocationMode: 1.
Compressed class space mapped at: 0x0000014990000000-0x00000149d0000000, reserved size: 1073741824
Narrow klass base: 0x000001498f000000, Narrow klass shift: 0, Narrow klass range: 0x100000000

GC Precious Log:
 CardTable entry size: 512
 Card Set container configuration: InlinePtr #cards 4 size 8 Array Of Cards #cards 16 size 48 Howl #buckets 8 coarsen threshold 3686 Howl Bitmap #cards 512 size 80 coarsen threshold 460 Card regions per heap region 1 cards per card region 4096
 CPUs: 20 total, 20 available
 Memory: 16124M
 Large Page Support: Disabled
 NUMA Support: Disabled
 Compressed Oops: Enabled (Zero based)
 Heap Region Size: 2M
 Heap Min Capacity: 8M
 Heap Initial Capacity: 252M
 Heap Max Capacity: 4032M
 Pre-touch: Disabled
 Parallel Workers: 15
 Concurrent Workers: 4
 Concurrent Refinement Workers: 15
 Periodic GC: Disabled

Heap:
 garbage-first heap   total 258048K, used 17384K [0x0000000704000000, 0x0000000800000000)
  region size 2048K, 6 young (12288K), 2 survivors (4096K)
 Metaspace       used 15583K, committed 15936K, reserved 1114112K
  class space    used 2290K, committed 2432K, reserved 1048576K

Heap Regions: E=young(eden), S=young(survivor), O=old, HS=humongous(starts), HC=humongous(continues), CS=collection set, F=free, TAMS=top-at-mark-start, PB=parsable bottom
|   0|0x0000000704000000, 0x0000000704200000, 0x0000000704200000|100%| O|  |TAMS 0x0000000704000000| PB 0x0000000704000000| Untracked 
|   1|0x0000000704200000, 0x0000000704400000, 0x0000000704400000|100%| O|  |TAMS 0x0000000704200000| PB 0x0000000704200000| Untracked 
|   2|0x0000000704400000, 0x00000007044fa000, 0x0000000704600000| 48%| O|  |TAMS 0x0000000704400000| PB 0x0000000704400000| Untracked 
|   3|0x0000000704600000, 0x0000000704800000, 0x0000000704800000|100%|HS|  |TAMS 0x0000000704600000| PB 0x0000000704600000| Complete 
|   4|0x0000000704800000, 0x0000000704800000, 0x0000000704a00000|  0%| F|  |TAMS 0x0000000704800000| PB 0x0000000704800000| Untracked 
|   5|0x0000000704a00000, 0x0000000704a00000, 0x0000000704c00000|  0%| F|  |TAMS 0x0000000704a00000| PB 0x0000000704a00000| Untracked 
|   6|0x0000000704c00000, 0x0000000704c00000, 0x0000000704e00000|  0%| F|  |TAMS 0x0000000704c00000| PB 0x0000000704c00000| Untracked 
|   7|0x0000000704e00000, 0x0000000704e00000, 0x0000000705000000|  0%| F|  |TAMS 0x0000000704e00000| PB 0x0000000704e00000| Untracked 
|   8|0x0000000705000000, 0x0000000705000000, 0x0000000705200000|  0%| F|  |TAMS 0x0000000705000000| PB 0x0000000705000000| Untracked 
|   9|0x0000000705200000, 0x0000000705200000, 0x0000000705400000|  0%| F|  |TAMS 0x0000000705200000| PB 0x0000000705200000| Untracked 
|  10|0x0000000705400000, 0x0000000705400000, 0x0000000705600000|  0%| F|  |TAMS 0x0000000705400000| PB 0x0000000705400000| Untracked 
|  11|0x0000000705600000, 0x0000000705600000, 0x0000000705800000|  0%| F|  |TAMS 0x0000000705600000| PB 0x0000000705600000| Untracked 
|  12|0x0000000705800000, 0x0000000705800000, 0x0000000705a00000|  0%| F|  |TAMS 0x0000000705800000| PB 0x0000000705800000| Untracked 
|  13|0x0000000705a00000, 0x0000000705a00000, 0x0000000705c00000|  0%| F|  |TAMS 0x0000000705a00000| PB 0x0000000705a00000| Untracked 
|  14|0x0000000705c00000, 0x0000000705c00000, 0x0000000705e00000|  0%| F|  |TAMS 0x0000000705c00000| PB 0x0000000705c00000| Untracked 
|  15|0x0000000705e00000, 0x0000000705e00000, 0x0000000706000000|  0%| F|  |TAMS 0x0000000705e00000| PB 0x0000000705e00000| Untracked 
|  16|0x0000000706000000, 0x0000000706000000, 0x0000000706200000|  0%| F|  |TAMS 0x0000000706000000| PB 0x0000000706000000| Untracked 
|  17|0x0000000706200000, 0x0000000706200000, 0x0000000706400000|  0%| F|  |TAMS 0x0000000706200000| PB 0x0000000706200000| Untracked 
|  18|0x0000000706400000, 0x0000000706400000, 0x0000000706600000|  0%| F|  |TAMS 0x0000000706400000| PB 0x0000000706400000| Untracked 
|  19|0x0000000706600000, 0x0000000706600000, 0x0000000706800000|  0%| F|  |TAMS 0x0000000706600000| PB 0x0000000706600000| Untracked 
|  20|0x0000000706800000, 0x0000000706800000, 0x0000000706a00000|  0%| F|  |TAMS 0x0000000706800000| PB 0x0000000706800000| Untracked 
|  21|0x0000000706a00000, 0x0000000706a00000, 0x0000000706c00000|  0%| F|  |TAMS 0x0000000706a00000| PB 0x0000000706a00000| Untracked 
|  22|0x0000000706c00000, 0x0000000706c00000, 0x0000000706e00000|  0%| F|  |TAMS 0x0000000706c00000| PB 0x0000000706c00000| Untracked 
|  23|0x0000000706e00000, 0x0000000706e00000, 0x0000000707000000|  0%| F|  |TAMS 0x0000000706e00000| PB 0x0000000706e00000| Untracked 
|  24|0x0000000707000000, 0x0000000707000000, 0x0000000707200000|  0%| F|  |TAMS 0x0000000707000000| PB 0x0000000707000000| Untracked 
|  25|0x0000000707200000, 0x0000000707200000, 0x0000000707400000|  0%| F|  |TAMS 0x0000000707200000| PB 0x0000000707200000| Untracked 
|  26|0x0000000707400000, 0x0000000707400000, 0x0000000707600000|  0%| F|  |TAMS 0x0000000707400000| PB 0x0000000707400000| Untracked 
|  27|0x0000000707600000, 0x0000000707600000, 0x0000000707800000|  0%| F|  |TAMS 0x0000000707600000| PB 0x0000000707600000| Untracked 
|  28|0x0000000707800000, 0x0000000707800000, 0x0000000707a00000|  0%| F|  |TAMS 0x0000000707800000| PB 0x0000000707800000| Untracked 
|  29|0x0000000707a00000, 0x0000000707a00000, 0x0000000707c00000|  0%| F|  |TAMS 0x0000000707a00000| PB 0x0000000707a00000| Untracked 
|  30|0x0000000707c00000, 0x0000000707c00000, 0x0000000707e00000|  0%| F|  |TAMS 0x0000000707c00000| PB 0x0000000707c00000| Untracked 
|  31|0x0000000707e00000, 0x0000000707e00000, 0x0000000708000000|  0%| F|  |TAMS 0x0000000707e00000| PB 0x0000000707e00000| Untracked 
|  32|0x0000000708000000, 0x0000000708000000, 0x0000000708200000|  0%| F|  |TAMS 0x0000000708000000| PB 0x0000000708000000| Untracked 
|  33|0x0000000708200000, 0x0000000708200000, 0x0000000708400000|  0%| F|  |TAMS 0x0000000708200000| PB 0x0000000708200000| Untracked 
|  34|0x0000000708400000, 0x0000000708400000, 0x0000000708600000|  0%| F|  |TAMS 0x0000000708400000| PB 0x0000000708400000| Untracked 
|  35|0x0000000708600000, 0x0000000708600000, 0x0000000708800000|  0%| F|  |TAMS 0x0000000708600000| PB 0x0000000708600000| Untracked 
|  36|0x0000000708800000, 0x0000000708800000, 0x0000000708a00000|  0%| F|  |TAMS 0x0000000708800000| PB 0x0000000708800000| Untracked 
|  37|0x0000000708a00000, 0x0000000708a00000, 0x0000000708c00000|  0%| F|  |TAMS 0x0000000708a00000| PB 0x0000000708a00000| Untracked 
|  38|0x0000000708c00000, 0x0000000708c00000, 0x0000000708e00000|  0%| F|  |TAMS 0x0000000708c00000| PB 0x0000000708c00000| Untracked 
|  39|0x0000000708e00000, 0x0000000708e00000, 0x0000000709000000|  0%| F|  |TAMS 0x0000000708e00000| PB 0x0000000708e00000| Untracked 
|  40|0x0000000709000000, 0x0000000709000000, 0x0000000709200000|  0%| F|  |TAMS 0x0000000709000000| PB 0x0000000709000000| Untracked 
|  41|0x0000000709200000, 0x0000000709200000, 0x0000000709400000|  0%| F|  |TAMS 0x0000000709200000| PB 0x0000000709200000| Untracked 
|  42|0x0000000709400000, 0x0000000709400000, 0x0000000709600000|  0%| F|  |TAMS 0x0000000709400000| PB 0x0000000709400000| Untracked 
|  43|0x0000000709600000, 0x0000000709600000, 0x0000000709800000|  0%| F|  |TAMS 0x0000000709600000| PB 0x0000000709600000| Untracked 
|  44|0x0000000709800000, 0x0000000709800000, 0x0000000709a00000|  0%| F|  |TAMS 0x0000000709800000| PB 0x0000000709800000| Untracked 
|  45|0x0000000709a00000, 0x0000000709a00000, 0x0000000709c00000|  0%| F|  |TAMS 0x0000000709a00000| PB 0x0000000709a00000| Untracked 
|  46|0x0000000709c00000, 0x0000000709c00000, 0x0000000709e00000|  0%| F|  |TAMS 0x0000000709c00000| PB 0x0000000709c00000| Untracked 
|  47|0x0000000709e00000, 0x0000000709e00000, 0x000000070a000000|  0%| F|  |TAMS 0x0000000709e00000| PB 0x0000000709e00000| Untracked 
|  48|0x000000070a000000, 0x000000070a000000, 0x000000070a200000|  0%| F|  |TAMS 0x000000070a000000| PB 0x000000070a000000| Untracked 
|  49|0x000000070a200000, 0x000000070a200000, 0x000000070a400000|  0%| F|  |TAMS 0x000000070a200000| PB 0x000000070a200000| Untracked 
|  50|0x000000070a400000, 0x000000070a400000, 0x000000070a600000|  0%| F|  |TAMS 0x000000070a400000| PB 0x000000070a400000| Untracked 
|  51|0x000000070a600000, 0x000000070a600000, 0x000000070a800000|  0%| F|  |TAMS 0x000000070a600000| PB 0x000000070a600000| Untracked 
|  52|0x000000070a800000, 0x000000070a800000, 0x000000070aa00000|  0%| F|  |TAMS 0x000000070a800000| PB 0x000000070a800000| Untracked 
|  53|0x000000070aa00000, 0x000000070aa00000, 0x000000070ac00000|  0%| F|  |TAMS 0x000000070aa00000| PB 0x000000070aa00000| Untracked 
|  54|0x000000070ac00000, 0x000000070ac00000, 0x000000070ae00000|  0%| F|  |TAMS 0x000000070ac00000| PB 0x000000070ac00000| Untracked 
|  55|0x000000070ae00000, 0x000000070ae00000, 0x000000070b000000|  0%| F|  |TAMS 0x000000070ae00000| PB 0x000000070ae00000| Untracked 
|  56|0x000000070b000000, 0x000000070b000000, 0x000000070b200000|  0%| F|  |TAMS 0x000000070b000000| PB 0x000000070b000000| Untracked 
|  57|0x000000070b200000, 0x000000070b200000, 0x000000070b400000|  0%| F|  |TAMS 0x000000070b200000| PB 0x000000070b200000| Untracked 
|  58|0x000000070b400000, 0x000000070b400000, 0x000000070b600000|  0%| F|  |TAMS 0x000000070b400000| PB 0x000000070b400000| Untracked 
|  59|0x000000070b600000, 0x000000070b600000, 0x000000070b800000|  0%| F|  |TAMS 0x000000070b600000| PB 0x000000070b600000| Untracked 
|  60|0x000000070b800000, 0x000000070b800000, 0x000000070ba00000|  0%| F|  |TAMS 0x000000070b800000| PB 0x000000070b800000| Untracked 
|  61|0x000000070ba00000, 0x000000070ba00000, 0x000000070bc00000|  0%| F|  |TAMS 0x000000070ba00000| PB 0x000000070ba00000| Untracked 
|  62|0x000000070bc00000, 0x000000070bc00000, 0x000000070be00000|  0%| F|  |TAMS 0x000000070bc00000| PB 0x000000070bc00000| Untracked 
|  63|0x000000070be00000, 0x000000070be00000, 0x000000070c000000|  0%| F|  |TAMS 0x000000070be00000| PB 0x000000070be00000| Untracked 
|  64|0x000000070c000000, 0x000000070c000000, 0x000000070c200000|  0%| F|  |TAMS 0x000000070c000000| PB 0x000000070c000000| Untracked 
|  65|0x000000070c200000, 0x000000070c200000, 0x000000070c400000|  0%| F|  |TAMS 0x000000070c200000| PB 0x000000070c200000| Untracked 
|  66|0x000000070c400000, 0x000000070c400000, 0x000000070c600000|  0%| F|  |TAMS 0x000000070c400000| PB 0x000000070c400000| Untracked 
|  67|0x000000070c600000, 0x000000070c600000, 0x000000070c800000|  0%| F|  |TAMS 0x000000070c600000| PB 0x000000070c600000| Untracked 
|  68|0x000000070c800000, 0x000000070c800000, 0x000000070ca00000|  0%| F|  |TAMS 0x000000070c800000| PB 0x000000070c800000| Untracked 
|  69|0x000000070ca00000, 0x000000070ca00000, 0x000000070cc00000|  0%| F|  |TAMS 0x000000070ca00000| PB 0x000000070ca00000| Untracked 
|  70|0x000000070cc00000, 0x000000070cc00000, 0x000000070ce00000|  0%| F|  |TAMS 0x000000070cc00000| PB 0x000000070cc00000| Untracked 
|  71|0x000000070ce00000, 0x000000070ce00000, 0x000000070d000000|  0%| F|  |TAMS 0x000000070ce00000| PB 0x000000070ce00000| Untracked 
|  72|0x000000070d000000, 0x000000070d000000, 0x000000070d200000|  0%| F|  |TAMS 0x000000070d000000| PB 0x000000070d000000| Untracked 
|  73|0x000000070d200000, 0x000000070d200000, 0x000000070d400000|  0%| F|  |TAMS 0x000000070d200000| PB 0x000000070d200000| Untracked 
|  74|0x000000070d400000, 0x000000070d400000, 0x000000070d600000|  0%| F|  |TAMS 0x000000070d400000| PB 0x000000070d400000| Untracked 
|  75|0x000000070d600000, 0x000000070d600000, 0x000000070d800000|  0%| F|  |TAMS 0x000000070d600000| PB 0x000000070d600000| Untracked 
|  76|0x000000070d800000, 0x000000070d800000, 0x000000070da00000|  0%| F|  |TAMS 0x000000070d800000| PB 0x000000070d800000| Untracked 
|  77|0x000000070da00000, 0x000000070da00000, 0x000000070dc00000|  0%| F|  |TAMS 0x000000070da00000| PB 0x000000070da00000| Untracked 
|  78|0x000000070dc00000, 0x000000070dc00000, 0x000000070de00000|  0%| F|  |TAMS 0x000000070dc00000| PB 0x000000070dc00000| Untracked 
|  79|0x000000070de00000, 0x000000070de00000, 0x000000070e000000|  0%| F|  |TAMS 0x000000070de00000| PB 0x000000070de00000| Untracked 
|  80|0x000000070e000000, 0x000000070e000000, 0x000000070e200000|  0%| F|  |TAMS 0x000000070e000000| PB 0x000000070e000000| Untracked 
|  81|0x000000070e200000, 0x000000070e200000, 0x000000070e400000|  0%| F|  |TAMS 0x000000070e200000| PB 0x000000070e200000| Untracked 
|  82|0x000000070e400000, 0x000000070e400000, 0x000000070e600000|  0%| F|  |TAMS 0x000000070e400000| PB 0x000000070e400000| Untracked 
|  83|0x000000070e600000, 0x000000070e600000, 0x000000070e800000|  0%| F|  |TAMS 0x000000070e600000| PB 0x000000070e600000| Untracked 
|  84|0x000000070e800000, 0x000000070e800000, 0x000000070ea00000|  0%| F|  |TAMS 0x000000070e800000| PB 0x000000070e800000| Untracked 
|  85|0x000000070ea00000, 0x000000070ea00000, 0x000000070ec00000|  0%| F|  |TAMS 0x000000070ea00000| PB 0x000000070ea00000| Untracked 
|  86|0x000000070ec00000, 0x000000070ec00000, 0x000000070ee00000|  0%| F|  |TAMS 0x000000070ec00000| PB 0x000000070ec00000| Untracked 
|  87|0x000000070ee00000, 0x000000070ee00000, 0x000000070f000000|  0%| F|  |TAMS 0x000000070ee00000| PB 0x000000070ee00000| Untracked 
|  88|0x000000070f000000, 0x000000070f000000, 0x000000070f200000|  0%| F|  |TAMS 0x000000070f000000| PB 0x000000070f000000| Untracked 
|  89|0x000000070f200000, 0x000000070f200000, 0x000000070f400000|  0%| F|  |TAMS 0x000000070f200000| PB 0x000000070f200000| Untracked 
|  90|0x000000070f400000, 0x000000070f400000, 0x000000070f600000|  0%| F|  |TAMS 0x000000070f400000| PB 0x000000070f400000| Untracked 
|  91|0x000000070f600000, 0x000000070f600000, 0x000000070f800000|  0%| F|  |TAMS 0x000000070f600000| PB 0x000000070f600000| Untracked 
|  92|0x000000070f800000, 0x000000070f800000, 0x000000070fa00000|  0%| F|  |TAMS 0x000000070f800000| PB 0x000000070f800000| Untracked 
|  93|0x000000070fa00000, 0x000000070fa00000, 0x000000070fc00000|  0%| F|  |TAMS 0x000000070fa00000| PB 0x000000070fa00000| Untracked 
|  94|0x000000070fc00000, 0x000000070fc00000, 0x000000070fe00000|  0%| F|  |TAMS 0x000000070fc00000| PB 0x000000070fc00000| Untracked 
|  95|0x000000070fe00000, 0x000000070fe00000, 0x0000000710000000|  0%| F|  |TAMS 0x000000070fe00000| PB 0x000000070fe00000| Untracked 
|  96|0x0000000710000000, 0x0000000710000000, 0x0000000710200000|  0%| F|  |TAMS 0x0000000710000000| PB 0x0000000710000000| Untracked 
|  97|0x0000000710200000, 0x0000000710200000, 0x0000000710400000|  0%| F|  |TAMS 0x0000000710200000| PB 0x0000000710200000| Untracked 
|  98|0x0000000710400000, 0x0000000710400000, 0x0000000710600000|  0%| F|  |TAMS 0x0000000710400000| PB 0x0000000710400000| Untracked 
|  99|0x0000000710600000, 0x0000000710600000, 0x0000000710800000|  0%| F|  |TAMS 0x0000000710600000| PB 0x0000000710600000| Untracked 
| 100|0x0000000710800000, 0x0000000710800000, 0x0000000710a00000|  0%| F|  |TAMS 0x0000000710800000| PB 0x0000000710800000| Untracked 
| 101|0x0000000710a00000, 0x0000000710a00000, 0x0000000710c00000|  0%| F|  |TAMS 0x0000000710a00000| PB 0x0000000710a00000| Untracked 
| 102|0x0000000710c00000, 0x0000000710c00000, 0x0000000710e00000|  0%| F|  |TAMS 0x0000000710c00000| PB 0x0000000710c00000| Untracked 
| 103|0x0000000710e00000, 0x0000000710e00000, 0x0000000711000000|  0%| F|  |TAMS 0x0000000710e00000| PB 0x0000000710e00000| Untracked 
| 104|0x0000000711000000, 0x0000000711000000, 0x0000000711200000|  0%| F|  |TAMS 0x0000000711000000| PB 0x0000000711000000| Untracked 
| 105|0x0000000711200000, 0x0000000711200000, 0x0000000711400000|  0%| F|  |TAMS 0x0000000711200000| PB 0x0000000711200000| Untracked 
| 106|0x0000000711400000, 0x0000000711400000, 0x0000000711600000|  0%| F|  |TAMS 0x0000000711400000| PB 0x0000000711400000| Untracked 
| 107|0x0000000711600000, 0x0000000711600000, 0x0000000711800000|  0%| F|  |TAMS 0x0000000711600000| PB 0x0000000711600000| Untracked 
| 108|0x0000000711800000, 0x0000000711800000, 0x0000000711a00000|  0%| F|  |TAMS 0x0000000711800000| PB 0x0000000711800000| Untracked 
| 109|0x0000000711a00000, 0x0000000711a00000, 0x0000000711c00000|  0%| F|  |TAMS 0x0000000711a00000| PB 0x0000000711a00000| Untracked 
| 110|0x0000000711c00000, 0x0000000711c00000, 0x0000000711e00000|  0%| F|  |TAMS 0x0000000711c00000| PB 0x0000000711c00000| Untracked 
| 111|0x0000000711e00000, 0x0000000711e00000, 0x0000000712000000|  0%| F|  |TAMS 0x0000000711e00000| PB 0x0000000711e00000| Untracked 
| 112|0x0000000712000000, 0x0000000712000000, 0x0000000712200000|  0%| F|  |TAMS 0x0000000712000000| PB 0x0000000712000000| Untracked 
| 113|0x0000000712200000, 0x0000000712400000, 0x0000000712400000|100%| S|CS|TAMS 0x0000000712200000| PB 0x0000000712200000| Complete 
| 114|0x0000000712400000, 0x0000000712600000, 0x0000000712600000|100%| S|CS|TAMS 0x0000000712400000| PB 0x0000000712400000| Complete 
| 115|0x0000000712600000, 0x0000000712600000, 0x0000000712800000|  0%| F|  |TAMS 0x0000000712600000| PB 0x0000000712600000| Untracked 
| 116|0x0000000712800000, 0x0000000712800000, 0x0000000712a00000|  0%| F|  |TAMS 0x0000000712800000| PB 0x0000000712800000| Untracked 
| 117|0x0000000712a00000, 0x0000000712a00000, 0x0000000712c00000|  0%| F|  |TAMS 0x0000000712a00000| PB 0x0000000712a00000| Untracked 
| 118|0x0000000712c00000, 0x0000000712c00000, 0x0000000712e00000|  0%| F|  |TAMS 0x0000000712c00000| PB 0x0000000712c00000| Untracked 
| 119|0x0000000712e00000, 0x0000000712e00000, 0x0000000713000000|  0%| F|  |TAMS 0x0000000712e00000| PB 0x0000000712e00000| Untracked 
| 120|0x0000000713000000, 0x0000000713000000, 0x0000000713200000|  0%| F|  |TAMS 0x0000000713000000| PB 0x0000000713000000| Untracked 
| 121|0x0000000713200000, 0x0000000713200000, 0x0000000713400000|  0%| F|  |TAMS 0x0000000713200000| PB 0x0000000713200000| Untracked 
| 122|0x0000000713400000, 0x00000007134983e0, 0x0000000713600000| 29%| E|  |TAMS 0x0000000713400000| PB 0x0000000713400000| Complete 
| 123|0x0000000713600000, 0x0000000713800000, 0x0000000713800000|100%| E|CS|TAMS 0x0000000713600000| PB 0x0000000713600000| Complete 
| 124|0x0000000713800000, 0x0000000713a00000, 0x0000000713a00000|100%| E|CS|TAMS 0x0000000713800000| PB 0x0000000713800000| Complete 
| 125|0x0000000713a00000, 0x0000000713c00000, 0x0000000713c00000|100%| E|CS|TAMS 0x0000000713a00000| PB 0x0000000713a00000| Complete 

Card table byte_map: [0x00000149f25c0000,0x00000149f2da0000] _byte_map_base: 0x00000149eeda0000

Marking Bits: (CMBitMap*) 0x00000149e7c1a730
 Bits: [0x00000149f2da0000, 0x00000149f6ca0000)

Polling page: 0x00000149e7380000

Metaspace:

Usage:
  Non-class:     12.98 MB used.
      Class:      2.24 MB used.
       Both:     15.22 MB used.

Virtual space:
  Non-class space:       64.00 MB reserved,      13.19 MB ( 21%) committed,  1 nodes.
      Class space:        1.00 GB reserved,       2.38 MB ( <1%) committed,  1 nodes.
             Both:        1.06 GB reserved,      15.56 MB (  1%) committed. 

Chunk freelists:
   Non-Class:  2.36 MB
       Class:  13.44 MB
        Both:  15.80 MB

MaxMetaspaceSize: unlimited
CompressedClassSpaceSize: 1.00 GB
Initial GC threshold: 21.00 MB
Current GC threshold: 21.00 MB
CDS: on
 - commit_granule_bytes: 65536.
 - commit_granule_words: 8192.
 - virtual_space_node_default_size: 8388608.
 - enlarge_chunks_in_place: 1.
 - use_allocation_guard: 0.


Internal statistics:

num_allocs_failed_limit: 0.
num_arena_births: 346.
num_arena_deaths: 0.
num_vsnodes_births: 2.
num_vsnodes_deaths: 0.
num_space_committed: 249.
num_space_uncommitted: 0.
num_chunks_returned_to_freelist: 0.
num_chunks_taken_from_freelist: 895.
num_chunk_merges: 0.
num_chunk_splits: 610.
num_chunks_enlarged: 452.
num_inconsistent_stats: 0.

CodeHeap 'non-profiled nmethods': size=119168Kb used=840Kb max_used=840Kb free=118327Kb
 bounds [0x0000014987ba0000, 0x0000014987e10000, 0x000001498f000000]
CodeHeap 'profiled nmethods': size=119104Kb used=5752Kb max_used=5752Kb free=113351Kb
 bounds [0x0000014980000000, 0x00000149805a0000, 0x0000014987450000]
CodeHeap 'non-nmethods': size=7488Kb used=2339Kb max_used=2917Kb free=5148Kb
 bounds [0x0000014987450000, 0x0000014987730000, 0x0000014987ba0000]
 total_blobs=3730 nmethods=2938 adapters=695
 compilation: enabled
              stopped_count=0, restarted_count=0
 full_count=0

Compilation events (20 events):
Event: 21.671 Thread 0x00000149fe4c9cf0 nmethod 2921 0x000001498058cb90 code [0x000001498058d100, 0x0000014980590a70]
Event: 21.681 Thread 0x00000149fe11a440 2922       3       javafx.beans.property.ReadOnlyObjectWrapper::fireValueChangedEvent (19 bytes)
Event: 21.682 Thread 0x00000149fe1162c0 2923       4       com.sun.javafx.css.BitSet::add (125 bytes)
Event: 21.682 Thread 0x00000149fe11a440 nmethod 2922 0x0000014980591990 code [0x0000014980591b80, 0x00000149805920e0]
Event: 21.682 Thread 0x00000149fe11a440 2924       3       com.sun.javafx.util.Utils::clamp (16 bytes)
Event: 21.682 Thread 0x00000149fe11a440 nmethod 2924 0x0000014980592290 code [0x0000014980592440, 0x0000014980592600]
Event: 21.682 Thread 0x00000149fe11a440 2926       3       javafx.css.StyleConverter::getInsetsConverter (4 bytes)
Event: 21.682 Thread 0x00000149fe11a440 nmethod 2926 0x0000014980592690 code [0x0000014980592840, 0x0000014980592990]
Event: 21.682 Thread 0x00000149fe11a440 2925       3       java.util.HashMap::<init> (8 bytes)
Event: 21.682 Thread 0x00000149fe11a440 nmethod 2925 0x0000014980592a90 code [0x0000014980592c60, 0x0000014980592da8]
Event: 21.682 Thread 0x00000149fe11a440 2927       3       javafx.scene.CssStyleHelper::getCachedFont (156 bytes)
Event: 21.683 Thread 0x00000149fe11a440 nmethod 2927 0x0000014980592e90 code [0x0000014980593120, 0x0000014980593d48]
Event: 21.683 Thread 0x00000149fe11a440 2929       3       javafx.scene.layout.Region::prefWidth (38 bytes)
Event: 21.683 Thread 0x00000149fe4c9cf0 2930       3       javafx.scene.layout.Region::getPrefWidth (22 bytes)
Event: 21.683 Thread 0x00000149fe11a440 nmethod 2929 0x0000014980594090 code [0x00000149805942a0, 0x00000149805948f0]
Event: 21.683 Thread 0x00000149fe11a440 2934       3       javafx.scene.Node::syncPeer (43 bytes)
Event: 21.683 Thread 0x00000149fe4c9cf0 nmethod 2930 0x0000014980594a90 code [0x0000014980594c60, 0x0000014980595020]
Event: 21.683 Thread 0x00000149fe4c9cf0 2928       3       javafx.scene.layout.Region::computeChildPrefAreaWidth (271 bytes)
Event: 21.683 Thread 0x00000149fe11a440 nmethod 2934 0x0000014980595110 code [0x0000014980595360, 0x0000014980595ba8]
Event: 21.683 Thread 0x00000149fe11a440 2932       3       javafx.scene.layout.Region::computeChildPrefAreaHeight (273 bytes)

GC Heap History (2 events):
Event: 1.738 GC heap before
{Heap before GC invocations=0 (full 0):
 garbage-first heap   total 258048K, used 20480K [0x0000000704000000, 0x0000000800000000)
  region size 2048K, 11 young (22528K), 0 survivors (0K)
 Metaspace       used 13439K, committed 13696K, reserved 1114112K
  class space    used 2114K, committed 2240K, reserved 1048576K
}
Event: 1.746 GC heap after
{Heap after GC invocations=1 (full 0):
 garbage-first heap   total 258048K, used 9192K [0x0000000704000000, 0x0000000800000000)
  region size 2048K, 2 young (4096K), 2 survivors (4096K)
 Metaspace       used 13439K, committed 13696K, reserved 1114112K
  class space    used 2114K, committed 2240K, reserved 1048576K
}

Dll operation events (20 events):
Event: 0.310 Loaded shared library C:\zulu21.30.15-ca-fx-jdk21.0.1-win_x64\zulu21.30.15-ca-fx-jdk21.0.1-win_x64\bin\javafx\api-ms-win-crt-heap-l1-1-0.dll
Event: 0.313 Loaded shared library C:\zulu21.30.15-ca-fx-jdk21.0.1-win_x64\zulu21.30.15-ca-fx-jdk21.0.1-win_x64\bin\javafx\api-ms-win-crt-locale-l1-1-0.dll
Event: 0.316 Loaded shared library C:\zulu21.30.15-ca-fx-jdk21.0.1-win_x64\zulu21.30.15-ca-fx-jdk21.0.1-win_x64\bin\javafx\api-ms-win-crt-math-l1-1-0.dll
Event: 0.318 Loaded shared library C:\zulu21.30.15-ca-fx-jdk21.0.1-win_x64\zulu21.30.15-ca-fx-jdk21.0.1-win_x64\bin\javafx\api-ms-win-crt-multibyte-l1-1-0.dll
Event: 0.322 Loaded shared library C:\zulu21.30.15-ca-fx-jdk21.0.1-win_x64\zulu21.30.15-ca-fx-jdk21.0.1-win_x64\bin\javafx\api-ms-win-crt-private-l1-1-0.dll
Event: 0.328 Loaded shared library C:\zulu21.30.15-ca-fx-jdk21.0.1-win_x64\zulu21.30.15-ca-fx-jdk21.0.1-win_x64\bin\javafx\api-ms-win-crt-process-l1-1-0.dll
Event: 0.332 Loaded shared library C:\zulu21.30.15-ca-fx-jdk21.0.1-win_x64\zulu21.30.15-ca-fx-jdk21.0.1-win_x64\bin\javafx\api-ms-win-crt-runtime-l1-1-0.dll
Event: 0.335 Loaded shared library C:\zulu21.30.15-ca-fx-jdk21.0.1-win_x64\zulu21.30.15-ca-fx-jdk21.0.1-win_x64\bin\javafx\api-ms-win-crt-stdio-l1-1-0.dll
Event: 0.337 Loaded shared library C:\zulu21.30.15-ca-fx-jdk21.0.1-win_x64\zulu21.30.15-ca-fx-jdk21.0.1-win_x64\bin\javafx\api-ms-win-crt-string-l1-1-0.dll
Event: 0.343 Loaded shared library C:\zulu21.30.15-ca-fx-jdk21.0.1-win_x64\zulu21.30.15-ca-fx-jdk21.0.1-win_x64\bin\javafx\api-ms-win-crt-time-l1-1-0.dll
Event: 0.345 Loaded shared library C:\zulu21.30.15-ca-fx-jdk21.0.1-win_x64\zulu21.30.15-ca-fx-jdk21.0.1-win_x64\bin\javafx\api-ms-win-crt-utility-l1-1-0.dll
Event: 0.367 Loaded shared library C:\zulu21.30.15-ca-fx-jdk21.0.1-win_x64\zulu21.30.15-ca-fx-jdk21.0.1-win_x64\bin\javafx\ucrtbase.dll
Event: 0.372 Loaded shared library C:\zulu21.30.15-ca-fx-jdk21.0.1-win_x64\zulu21.30.15-ca-fx-jdk21.0.1-win_x64\bin\javafx\vcruntime140.dll
Event: 0.375 Loaded shared library C:\zulu21.30.15-ca-fx-jdk21.0.1-win_x64\zulu21.30.15-ca-fx-jdk21.0.1-win_x64\bin\javafx\vcruntime140_1.dll
Event: 0.381 Loaded shared library C:\zulu21.30.15-ca-fx-jdk21.0.1-win_x64\zulu21.30.15-ca-fx-jdk21.0.1-win_x64\bin\javafx\msvcp140.dll
Event: 0.387 Loaded shared library C:\zulu21.30.15-ca-fx-jdk21.0.1-win_x64\zulu21.30.15-ca-fx-jdk21.0.1-win_x64\bin\javafx\msvcp140_1.dll
Event: 0.399 Loaded shared library C:\zulu21.30.15-ca-fx-jdk21.0.1-win_x64\zulu21.30.15-ca-fx-jdk21.0.1-win_x64\bin\javafx\msvcp140_2.dll
Event: 0.457 Loaded shared library C:\zulu21.30.15-ca-fx-jdk21.0.1-win_x64\zulu21.30.15-ca-fx-jdk21.0.1-win_x64\bin\javafx\prism_d3d.dll
Event: 0.911 Loaded shared library C:\zulu21.30.15-ca-fx-jdk21.0.1-win_x64\zulu21.30.15-ca-fx-jdk21.0.1-win_x64\bin\javafx\glass.dll
Event: 1.273 Loaded shared library C:\zulu21.30.15-ca-fx-jdk21.0.1-win_x64\zulu21.30.15-ca-fx-jdk21.0.1-win_x64\bin\javafx\javafx_font.dll

Deoptimization events (20 events):
Event: 1.711 Thread 0x00000149feb89c50 DEOPT PACKING pc=0x0000014987c05838 sp=0x0000002f514fcda0
Event: 1.711 Thread 0x00000149feb89c50 DEOPT UNPACKING pc=0x00000149874a46a2 sp=0x0000002f514fcd00 mode 2
Event: 1.746 Thread 0x00000149fe100080 Uncommon trap: trap_request=0xffffff45 fr.pc=0x0000014987bf3800 relative=0x0000000000000160
Event: 1.746 Thread 0x00000149fe100080 Uncommon trap: reason=unstable_if action=reinterpret pc=0x0000014987bf3800 method=java.util.concurrent.locks.ReentrantLock$NonfairSync.initialTryLock()Z @ 10 c2
Event: 1.746 Thread 0x00000149fe100080 DEOPT PACKING pc=0x0000014987bf3800 sp=0x0000002f503ff430
Event: 1.746 Thread 0x00000149fe100080 DEOPT UNPACKING pc=0x00000149874a46a2 sp=0x0000002f503ff3d8 mode 2
Event: 1.782 Thread 0x00000149feb89c50 Uncommon trap: trap_request=0xffffff45 fr.pc=0x0000014987bf0198 relative=0x00000000000001f8
Event: 1.782 Thread 0x00000149feb89c50 Uncommon trap: reason=unstable_if action=reinterpret pc=0x0000014987bf0198 method=java.io.ByteArrayInputStream.read()I @ 8 c2
Event: 1.782 Thread 0x00000149feb89c50 DEOPT PACKING pc=0x0000014987bf0198 sp=0x0000002f514fc150
Event: 1.782 Thread 0x00000149feb89c50 DEOPT UNPACKING pc=0x00000149874a46a2 sp=0x0000002f514fc0f8 mode 2
Event: 1.786 Thread 0x00000149feb89c50 Uncommon trap: trap_request=0xffffff45 fr.pc=0x0000014987c1488c relative=0x000000000000006c
Event: 1.786 Thread 0x00000149feb89c50 Uncommon trap: reason=unstable_if action=reinterpret pc=0x0000014987c1488c method=java.lang.ref.ReferenceQueue.headIsNull()Z @ 4 c2
Event: 1.786 Thread 0x00000149feb89c50 DEOPT PACKING pc=0x0000014987c1488c sp=0x0000002f514fcc80
Event: 1.786 Thread 0x00000149feb89c50 DEOPT UNPACKING pc=0x00000149874a46a2 sp=0x0000002f514fcba8 mode 2
Event: 20.325 Thread 0x00000149fe6e7e60 DEOPT PACKING pc=0x00000149804215d2 sp=0x0000002f50efd7f0
Event: 20.325 Thread 0x00000149fe6e7e60 DEOPT UNPACKING pc=0x00000149874a4e42 sp=0x0000002f50efcc48 mode 0
Event: 20.553 Thread 0x00000149fe6e7e60 Uncommon trap: trap_request=0xffffff45 fr.pc=0x0000014987bf33f4 relative=0x00000000000000d4
Event: 20.553 Thread 0x00000149fe6e7e60 Uncommon trap: reason=unstable_if action=reinterpret pc=0x0000014987bf33f4 method=java.util.concurrent.locks.ReentrantLock$Sync.tryRelease(I)Z @ 26 c2
Event: 20.553 Thread 0x00000149fe6e7e60 DEOPT PACKING pc=0x0000014987bf33f4 sp=0x0000002f50efe6f0
Event: 20.553 Thread 0x00000149fe6e7e60 DEOPT UNPACKING pc=0x00000149874a46a2 sp=0x0000002f50efe690 mode 2

Classes loaded (20 events):
Event: 1.924 Loading class java/nio/DoubleBuffer
Event: 1.925 Loading class java/nio/DoubleBuffer done
Event: 1.925 Loading class java/nio/DirectFloatBufferU
Event: 1.926 Loading class java/nio/DirectFloatBufferU done
Event: 1.942 Loading class java/lang/FdLibm$Atan2
Event: 1.943 Loading class java/lang/FdLibm$Atan2 done
Event: 1.943 Loading class java/lang/FdLibm$Atan
Event: 1.943 Loading class java/lang/FdLibm$Atan done
Event: 2.151 Loading class java/util/EnumMap$Values
Event: 2.151 Loading class java/util/EnumMap$Values done
Event: 2.151 Loading class java/util/EnumMap$ValueIterator
Event: 2.151 Loading class java/util/EnumMap$EnumMapIterator
Event: 2.151 Loading class java/util/EnumMap$EnumMapIterator done
Event: 2.151 Loading class java/util/EnumMap$ValueIterator done
Event: 3.106 Loading class java/io/UnsupportedEncodingException
Event: 3.106 Loading class java/io/UnsupportedEncodingException done
Event: 20.552 Loading class java/lang/Throwable$WrappedPrintStream
Event: 20.552 Loading class java/lang/Throwable$PrintStreamOrWriter
Event: 20.552 Loading class java/lang/Throwable$PrintStreamOrWriter done
Event: 20.552 Loading class java/lang/Throwable$WrappedPrintStream done

Classes unloaded (0 events):
No events

Classes redefined (0 events):
No events

Internal exceptions (20 events):
Event: 1.410 Thread 0x00000149feb89c50 Exception <a 'java/io/FileNotFoundException'{0x0000000712d5f188}> (0x0000000712d5f188) 
thrown [s\src\hotspot\share\prims\jni.cpp, line 520]
Event: 1.411 Thread 0x00000149feb89c50 Exception <a 'java/io/FileNotFoundException'{0x0000000712d6a6a8}> (0x0000000712d6a6a8) 
thrown [s\src\hotspot\share\prims\jni.cpp, line 520]
Event: 1.415 Thread 0x00000149feb89c50 Exception <a 'java/io/FileNotFoundException'{0x0000000712d74140}> (0x0000000712d74140) 
thrown [s\src\hotspot\share\prims\jni.cpp, line 520]
Event: 1.427 Thread 0x00000149feb89c50 Exception <a 'java/lang/NoSuchMethodError'{0x0000000712b13e90}: 'java.lang.Object java.lang.invoke.Invokers$Holder.invokeExact_MT(java.lang.Object, java.lang.Object, java.lang.Object, java.lang.Object, java.lang.Object)'> (0x0000000712b13e90) 
thrown [s\src\hotspot\share\interpreter\linkResolver.cpp, line 773]
Event: 1.449 Thread 0x00000149feb89c50 Exception <a 'java/io/FileNotFoundException'{0x0000000712b601d8}> (0x0000000712b601d8) 
thrown [s\src\hotspot\share\prims\jni.cpp, line 520]
Event: 1.603 Thread 0x00000149feb89c50 Exception <a 'java/lang/NoSuchMethodError'{0x000000071295abc8}: 'java.lang.Object java.lang.invoke.DirectMethodHandle$Holder.invokeInterface(java.lang.Object, java.lang.Object, java.lang.Object)'> (0x000000071295abc8) 
thrown [s\src\hotspot\share\interpreter\linkResolver.cpp, line 773]
Event: 1.603 Thread 0x00000149feb89c50 Exception <a 'java/lang/IncompatibleClassChangeError'{0x000000071295e300}: Found class java.lang.Object, but interface was expected> (0x000000071295e300) 
thrown [s\src\hotspot\share\interpreter\linkResolver.cpp, line 840]
Event: 1.648 Thread 0x00000149feb89c50 Exception <a 'java/lang/ClassNotFoundException'{0x00000007126295e8}: com/sun/javafx/scene/control/skin/resources/controls> (0x00000007126295e8) 
thrown [s\src\hotspot\share\prims\jni.cpp, line 539]
Event: 1.651 Thread 0x00000149feb89c50 Exception <a 'java/lang/ClassNotFoundException'{0x0000000712637818}: com/sun/javafx/scene/control/skin/resources/controls_en> (0x0000000712637818) 
thrown [s\src\hotspot\share\prims\jni.cpp, line 539]
Event: 1.652 Thread 0x00000149feb89c50 Exception <a 'java/lang/ClassNotFoundException'{0x0000000712638770}: com/sun/javafx/scene/control/skin/resources/controls_en_ID> (0x0000000712638770) 
thrown [s\src\hotspot\share\prims\jni.cpp, line 539]
Event: 1.692 Thread 0x00000149feb89c50 Implicit null exception at 0x0000014987c061bd to 0x0000014987c06414
Event: 1.693 Thread 0x00000149feb89c50 Exception <a 'java/lang/NoSuchMethodError'{0x000000071272d058}: 'void java.lang.invoke.DirectMethodHandle$Holder.invokeSpecial(java.lang.Object, java.lang.Object, java.lang.Object, java.lang.Object, java.lang.Object, java.lang.Object)'> (0x000000071272d058) 
thrown [s\src\hotspot\share\interpreter\linkResolver.cpp, line 773]
Event: 1.695 Thread 0x00000149feb89c50 Implicit null exception at 0x0000014987c044bd to 0x0000014987c0470c
Event: 1.787 Thread 0x00000149feb89c50 Exception <a 'java/lang/NoSuchMethodError'{0x0000000713afdbc0}: 'int java.lang.invoke.DirectMethodHandle$Holder.invokeSpecial(java.lang.Object, java.lang.Object, int)'> (0x0000000713afdbc0) 
thrown [s\src\hotspot\share\interpreter\linkResolver.cpp, line 773]
Event: 1.802 Thread 0x00000149feb89c50 Exception <a 'java/lang/NoSuchMethodError'{0x0000000713b3cc70}: 'java.lang.Object java.lang.invoke.DirectMethodHandle$Holder.newInvokeSpecial(java.lang.Object, java.lang.Object, int)'> (0x0000000713b3cc70) 
thrown [s\src\hotspot\share\interpreter\linkResolver.cpp, line 773]
Event: 1.855 Thread 0x00000149fe6e7e60 Exception <a 'java/lang/NoSuchMethodError'{0x0000000713802968}: 'int java.lang.invoke.DirectMethodHandle$Holder.invokeStaticInit(java.lang.Object, java.lang.Object)'> (0x0000000713802968) 
thrown [s\src\hotspot\share\interpreter\linkResolver.cpp, line 773]
Event: 3.122 Thread 0x00000149feb89c50 Exception <a 'java/lang/NoSuchMethodError'{0x0000000713bd96a8}: 'long java.lang.invoke.DirectMethodHandle$Holder.invokeStatic(java.lang.Object, java.lang.Object, java.lang.Object)'> (0x0000000713bd96a8) 
thrown [s\src\hotspot\share\interpreter\linkResolver.cpp, line 773]
Event: 3.122 Thread 0x00000149feb89c50 Exception <a 'java/lang/NoSuchMethodError'{0x0000000713bdca78}: 'long java.lang.invoke.DirectMethodHandle$Holder.invokeStaticInit(java.lang.Object, java.lang.Object, java.lang.Object)'> (0x0000000713bdca78) 
thrown [s\src\hotspot\share\interpreter\linkResolver.cpp, line 773]
Event: 3.124 Thread 0x00000149feb89c50 Exception <a 'java/lang/NoSuchMethodError'{0x0000000713601778}: 'java.lang.Object java.lang.invoke.DirectMethodHandle$Holder.newInvokeSpecial(java.lang.Object, java.lang.Object, long)'> (0x0000000713601778) 
thrown [s\src\hotspot\share\interpreter\linkResolver.cpp, line 773]
Event: 3.125 Thread 0x00000149feb89c50 Exception <a 'java/lang/NoSuchMethodError'{0x0000000713605070}: 'java.lang.Object java.lang.invoke.Invokers$Holder.linkToTargetMethod(java.lang.Object, long, java.lang.Object)'> (0x0000000713605070) 
thrown [s\src\hotspot\share\interpreter\linkResolver.cpp, line 773]

ZGC Phase Switch (0 events):
No events

VM Operations (20 events):
Event: 9.749 Executing VM operation: Cleanup
Event: 9.750 Executing VM operation: Cleanup done
Event: 10.750 Executing VM operation: Cleanup
Event: 10.750 Executing VM operation: Cleanup done
Event: 11.750 Executing VM operation: Cleanup
Event: 11.750 Executing VM operation: Cleanup done
Event: 13.751 Executing VM operation: Cleanup
Event: 13.751 Executing VM operation: Cleanup done
Event: 15.752 Executing VM operation: Cleanup
Event: 15.752 Executing VM operation: Cleanup done
Event: 16.752 Executing VM operation: Cleanup
Event: 16.752 Executing VM operation: Cleanup done
Event: 17.753 Executing VM operation: Cleanup
Event: 17.753 Executing VM operation: Cleanup done
Event: 18.753 Executing VM operation: Cleanup
Event: 18.753 Executing VM operation: Cleanup done
Event: 19.754 Executing VM operation: Cleanup
Event: 19.754 Executing VM operation: Cleanup done
Event: 20.754 Executing VM operation: Cleanup
Event: 20.754 Executing VM operation: Cleanup done

Events (20 events):
Event: 0.036 Thread 0x00000149fe102f20 Thread added: 0x00000149fe102f20
Event: 0.036 Thread 0x00000149fe105bf0 Thread added: 0x00000149fe105bf0
Event: 0.036 Thread 0x00000149fe10e9f0 Thread added: 0x00000149fe10e9f0
Event: 0.036 Thread 0x00000149fe1108f0 Thread added: 0x00000149fe1108f0
Event: 0.036 Thread 0x00000149fe1162c0 Thread added: 0x00000149fe1162c0
Event: 0.037 Thread 0x00000149fe11a440 Thread added: 0x00000149fe11a440
Event: 0.039 Thread 0x00000149fe185dd0 Thread added: 0x00000149fe185dd0
Event: 0.051 Thread 0x00000149fe2cd880 Thread added: 0x00000149fe2cd880
Event: 0.053 Thread 0x00000149fe2ce0b0 Thread added: 0x00000149fe2ce0b0
Event: 0.446 Thread 0x00000149fe6e7e60 Thread added: 0x00000149fe6e7e60
Event: 0.913 Thread 0x00000149feb78970 Thread added: 0x00000149feb78970
Event: 0.915 Thread 0x00000149feb89c50 Thread added: 0x00000149feb89c50
Event: 1.012 Thread 0x00000149fed26a30 Thread added: 0x00000149fed26a30
Event: 1.025 Thread 0x00000149fed74d80 Thread added: 0x00000149fed74d80
Event: 1.066 Thread 0x00000149feda43c0 Thread added: 0x00000149feda43c0
Event: 1.387 Thread 0x00000149d6a930d0 Thread added: 0x00000149d6a930d0
Event: 1.898 Thread 0x00000149d70f6040 Thread added: 0x00000149d70f6040
Event: 6.524 Thread 0x00000149feda43c0 Thread exited: 0x00000149feda43c0
Event: 13.827 Thread 0x00000149fe185dd0 Thread exited: 0x00000149fe185dd0
Event: 18.797 Thread 0x00000149fe4c9cf0 Thread added: 0x00000149fe4c9cf0


Dynamic libraries:
0x00007ff7fe520000 - 0x00007ff7fe52e000 	C:\zulu21.30.15-ca-fx-jdk21.0.1-win_x64\zulu21.30.15-ca-fx-jdk21.0.1-win_x64\bin\java.exe
0x00007ffd7b1b0000 - 0x00007ffd7b3c7000 	C:\Windows\SYSTEM32\ntdll.dll
0x00007ffd794e0000 - 0x00007ffd795a4000 	C:\Windows\System32\KERNEL32.DLL
0x00007ffd78520000 - 0x00007ffd788c6000 	C:\Windows\System32\KERNELBASE.dll
0x00007ffd789f0000 - 0x00007ffd78b01000 	C:\Windows\System32\ucrtbase.dll
0x00007ffd6d4f0000 - 0x00007ffd6d508000 	C:\zulu21.30.15-ca-fx-jdk21.0.1-win_x64\zulu21.30.15-ca-fx-jdk21.0.1-win_x64\bin\jli.dll
0x00007ffd6d560000 - 0x00007ffd6d57b000 	C:\zulu21.30.15-ca-fx-jdk21.0.1-win_x64\zulu21.30.15-ca-fx-jdk21.0.1-win_x64\bin\VCRUNTIME140.dll
0x00007ffd79250000 - 0x00007ffd793fe000 	C:\Windows\System32\USER32.dll
0x00007ffd78e10000 - 0x00007ffd78e36000 	C:\Windows\System32\win32u.dll
0x00007ffd7ab80000 - 0x00007ffd7aba9000 	C:\Windows\System32\GDI32.dll
0x00007ffd50680000 - 0x00007ffd50913000 	C:\Windows\WinSxS\amd64_microsoft.windows.common-controls_6595b64144ccf1df_6.0.22621.2506_none_270c5ae97388e100\COMCTL32.dll
0x00007ffd788d0000 - 0x00007ffd789e8000 	C:\Windows\System32\gdi32full.dll
0x00007ffd78b10000 - 0x00007ffd78baa000 	C:\Windows\System32\msvcp_win.dll
0x00007ffd7aad0000 - 0x00007ffd7ab77000 	C:\Windows\System32\msvcrt.dll
0x00007ffd79a60000 - 0x00007ffd79a91000 	C:\Windows\System32\IMM32.DLL
0x00007ffd71fb0000 - 0x00007ffd71fbc000 	C:\zulu21.30.15-ca-fx-jdk21.0.1-win_x64\zulu21.30.15-ca-fx-jdk21.0.1-win_x64\bin\vcruntime140_1.dll
0x00007ffd465a0000 - 0x00007ffd4662e000 	C:\zulu21.30.15-ca-fx-jdk21.0.1-win_x64\zulu21.30.15-ca-fx-jdk21.0.1-win_x64\bin\msvcp140.dll
0x00007ffccfe60000 - 0x00007ffcd0bed000 	C:\zulu21.30.15-ca-fx-jdk21.0.1-win_x64\zulu21.30.15-ca-fx-jdk21.0.1-win_x64\bin\server\jvm.dll
0x00007ffd7a710000 - 0x00007ffd7a7c1000 	C:\Windows\System32\ADVAPI32.dll
0x00007ffd79b10000 - 0x00007ffd79bb5000 	C:\Windows\System32\sechost.dll
0x00007ffd795b0000 - 0x00007ffd796c7000 	C:\Windows\System32\RPCRT4.dll
0x00007ffd79460000 - 0x00007ffd794d1000 	C:\Windows\System32\WS2_32.dll
0x00007ffd77370000 - 0x00007ffd773bd000 	C:\Windows\SYSTEM32\POWRPROF.dll
0x00007ffd658c0000 - 0x00007ffd658ca000 	C:\Windows\SYSTEM32\VERSION.dll
0x00007ffd6d6c0000 - 0x00007ffd6d6f4000 	C:\Windows\SYSTEM32\WINMM.dll
0x00007ffd77350000 - 0x00007ffd77363000 	C:\Windows\SYSTEM32\UMPDC.dll
0x00007ffd77610000 - 0x00007ffd77628000 	C:\Windows\SYSTEM32\kernel.appcore.dll
0x00007ffd6d700000 - 0x00007ffd6d70a000 	C:\zulu21.30.15-ca-fx-jdk21.0.1-win_x64\zulu21.30.15-ca-fx-jdk21.0.1-win_x64\bin\jimage.dll
0x00007ffd75ea0000 - 0x00007ffd760d3000 	C:\Windows\SYSTEM32\DBGHELP.DLL
0x00007ffd796d0000 - 0x00007ffd79a59000 	C:\Windows\System32\combase.dll
0x00007ffd78f10000 - 0x00007ffd78fe7000 	C:\Windows\System32\OLEAUT32.dll
0x00007ffd552a0000 - 0x00007ffd552d2000 	C:\Windows\SYSTEM32\dbgcore.DLL
0x00007ffd78d90000 - 0x00007ffd78e0a000 	C:\Windows\System32\bcryptPrimitives.dll
0x00007ffd67880000 - 0x00007ffd6789f000 	C:\zulu21.30.15-ca-fx-jdk21.0.1-win_x64\zulu21.30.15-ca-fx-jdk21.0.1-win_x64\bin\java.dll
0x00007ffd79bc0000 - 0x00007ffd7a41a000 	C:\Windows\System32\SHELL32.dll
0x00007ffd76410000 - 0x00007ffd76d06000 	C:\Windows\SYSTEM32\windows.storage.dll
0x00007ffd762d0000 - 0x00007ffd7640e000 	C:\Windows\SYSTEM32\wintypes.dll
0x00007ffd7b070000 - 0x00007ffd7b163000 	C:\Windows\System32\SHCORE.dll
0x00007ffd79400000 - 0x00007ffd7945e000 	C:\Windows\System32\shlwapi.dll
0x00007ffd78450000 - 0x00007ffd78476000 	C:\Windows\SYSTEM32\profapi.dll
0x00007ffd1c740000 - 0x00007ffd1c817000 	C:\zulu21.30.15-ca-fx-jdk21.0.1-win_x64\zulu21.30.15-ca-fx-jdk21.0.1-win_x64\bin\jsvml.dll
0x00007ffd67870000 - 0x00007ffd67880000 	C:\zulu21.30.15-ca-fx-jdk21.0.1-win_x64\zulu21.30.15-ca-fx-jdk21.0.1-win_x64\bin\net.dll
0x00007ffd6ffc0000 - 0x00007ffd700f7000 	C:\Windows\SYSTEM32\WINHTTP.dll
0x00007ffd77a90000 - 0x00007ffd77af9000 	C:\Windows\system32\mswsock.dll
0x00007ffd67850000 - 0x00007ffd67866000 	C:\zulu21.30.15-ca-fx-jdk21.0.1-win_x64\zulu21.30.15-ca-fx-jdk21.0.1-win_x64\bin\nio.dll
0x00007ffd60bb0000 - 0x00007ffd60bc8000 	C:\zulu21.30.15-ca-fx-jdk21.0.1-win_x64\zulu21.30.15-ca-fx-jdk21.0.1-win_x64\bin\zip.dll
0x00000149e7b00000 - 0x00000149e7b04000 	C:\zulu21.30.15-ca-fx-jdk21.0.1-win_x64\zulu21.30.15-ca-fx-jdk21.0.1-win_x64\bin\javafx\api-ms-win-core-console-l1-1-0.dll
0x00000149e7b10000 - 0x00000149e7b14000 	C:\zulu21.30.15-ca-fx-jdk21.0.1-win_x64\zulu21.30.15-ca-fx-jdk21.0.1-win_x64\bin\javafx\api-ms-win-core-console-l1-2-0.dll
0x00000149e7b20000 - 0x00000149e7b24000 	C:\zulu21.30.15-ca-fx-jdk21.0.1-win_x64\zulu21.30.15-ca-fx-jdk21.0.1-win_x64\bin\javafx\api-ms-win-core-datetime-l1-1-0.dll
0x00000149e7b30000 - 0x00000149e7b34000 	C:\zulu21.30.15-ca-fx-jdk21.0.1-win_x64\zulu21.30.15-ca-fx-jdk21.0.1-win_x64\bin\javafx\api-ms-win-core-debug-l1-1-0.dll
0x00000149e7b40000 - 0x00000149e7b44000 	C:\zulu21.30.15-ca-fx-jdk21.0.1-win_x64\zulu21.30.15-ca-fx-jdk21.0.1-win_x64\bin\javafx\api-ms-win-core-errorhandling-l1-1-0.dll
0x00000149e7b50000 - 0x00000149e7b55000 	C:\zulu21.30.15-ca-fx-jdk21.0.1-win_x64\zulu21.30.15-ca-fx-jdk21.0.1-win_x64\bin\javafx\api-ms-win-core-file-l1-1-0.dll
0x00000149e7b60000 - 0x00000149e7b64000 	C:\zulu21.30.15-ca-fx-jdk21.0.1-win_x64\zulu21.30.15-ca-fx-jdk21.0.1-win_x64\bin\javafx\api-ms-win-core-file-l1-2-0.dll
0x00000149e7b70000 - 0x00000149e7b74000 	C:\zulu21.30.15-ca-fx-jdk21.0.1-win_x64\zulu21.30.15-ca-fx-jdk21.0.1-win_x64\bin\javafx\api-ms-win-core-file-l2-1-0.dll
0x00000149f9f90000 - 0x00000149f9f94000 	C:\zulu21.30.15-ca-fx-jdk21.0.1-win_x64\zulu21.30.15-ca-fx-jdk21.0.1-win_x64\bin\javafx\api-ms-win-core-handle-l1-1-0.dll
0x00000149f9fa0000 - 0x00000149f9fa4000 	C:\zulu21.30.15-ca-fx-jdk21.0.1-win_x64\zulu21.30.15-ca-fx-jdk21.0.1-win_x64\bin\javafx\api-ms-win-core-heap-l1-1-0.dll
0x00000149f9fb0000 - 0x00000149f9fb4000 	C:\zulu21.30.15-ca-fx-jdk21.0.1-win_x64\zulu21.30.15-ca-fx-jdk21.0.1-win_x64\bin\javafx\api-ms-win-core-interlocked-l1-1-0.dll
0x00000149f9fc0000 - 0x00000149f9fc4000 	C:\zulu21.30.15-ca-fx-jdk21.0.1-win_x64\zulu21.30.15-ca-fx-jdk21.0.1-win_x64\bin\javafx\api-ms-win-core-libraryloader-l1-1-0.dll
0x00000149f9fd0000 - 0x00000149f9fd4000 	C:\zulu21.30.15-ca-fx-jdk21.0.1-win_x64\zulu21.30.15-ca-fx-jdk21.0.1-win_x64\bin\javafx\api-ms-win-core-localization-l1-2-0.dll
0x00000149f9fe0000 - 0x00000149f9fe4000 	C:\zulu21.30.15-ca-fx-jdk21.0.1-win_x64\zulu21.30.15-ca-fx-jdk21.0.1-win_x64\bin\javafx\api-ms-win-core-memory-l1-1-0.dll
0x00000149f9ff0000 - 0x00000149f9ff4000 	C:\zulu21.30.15-ca-fx-jdk21.0.1-win_x64\zulu21.30.15-ca-fx-jdk21.0.1-win_x64\bin\javafx\api-ms-win-core-namedpipe-l1-1-0.dll
0x00000149fe500000 - 0x00000149fe504000 	C:\zulu21.30.15-ca-fx-jdk21.0.1-win_x64\zulu21.30.15-ca-fx-jdk21.0.1-win_x64\bin\javafx\api-ms-win-core-processenvironment-l1-1-0.dll
0x00000149fe510000 - 0x00000149fe514000 	C:\zulu21.30.15-ca-fx-jdk21.0.1-win_x64\zulu21.30.15-ca-fx-jdk21.0.1-win_x64\bin\javafx\api-ms-win-core-processthreads-l1-1-0.dll
0x00000149fe520000 - 0x00000149fe524000 	C:\zulu21.30.15-ca-fx-jdk21.0.1-win_x64\zulu21.30.15-ca-fx-jdk21.0.1-win_x64\bin\javafx\api-ms-win-core-processthreads-l1-1-1.dll
0x00000149fe530000 - 0x00000149fe534000 	C:\zulu21.30.15-ca-fx-jdk21.0.1-win_x64\zulu21.30.15-ca-fx-jdk21.0.1-win_x64\bin\javafx\api-ms-win-core-profile-l1-1-0.dll
0x00000149fe540000 - 0x00000149fe544000 	C:\zulu21.30.15-ca-fx-jdk21.0.1-win_x64\zulu21.30.15-ca-fx-jdk21.0.1-win_x64\bin\javafx\api-ms-win-core-rtlsupport-l1-1-0.dll
0x00000149fe550000 - 0x00000149fe554000 	C:\zulu21.30.15-ca-fx-jdk21.0.1-win_x64\zulu21.30.15-ca-fx-jdk21.0.1-win_x64\bin\javafx\api-ms-win-core-string-l1-1-0.dll
0x00000149fe560000 - 0x00000149fe564000 	C:\zulu21.30.15-ca-fx-jdk21.0.1-win_x64\zulu21.30.15-ca-fx-jdk21.0.1-win_x64\bin\javafx\api-ms-win-core-synch-l1-1-0.dll
0x00000149fe570000 - 0x00000149fe574000 	C:\zulu21.30.15-ca-fx-jdk21.0.1-win_x64\zulu21.30.15-ca-fx-jdk21.0.1-win_x64\bin\javafx\api-ms-win-core-synch-l1-2-0.dll
0x00000149fe580000 - 0x00000149fe584000 	C:\zulu21.30.15-ca-fx-jdk21.0.1-win_x64\zulu21.30.15-ca-fx-jdk21.0.1-win_x64\bin\javafx\api-ms-win-core-sysinfo-l1-1-0.dll
0x00000149fe590000 - 0x00000149fe594000 	C:\zulu21.30.15-ca-fx-jdk21.0.1-win_x64\zulu21.30.15-ca-fx-jdk21.0.1-win_x64\bin\javafx\api-ms-win-core-timezone-l1-1-0.dll
0x00000149fe5a0000 - 0x00000149fe5a4000 	C:\zulu21.30.15-ca-fx-jdk21.0.1-win_x64\zulu21.30.15-ca-fx-jdk21.0.1-win_x64\bin\javafx\api-ms-win-core-util-l1-1-0.dll
0x00000149fe5b0000 - 0x00000149fe5b4000 	C:\zulu21.30.15-ca-fx-jdk21.0.1-win_x64\zulu21.30.15-ca-fx-jdk21.0.1-win_x64\bin\javafx\api-ms-win-crt-conio-l1-1-0.dll
0x00000149fe5c0000 - 0x00000149fe5c5000 	C:\zulu21.30.15-ca-fx-jdk21.0.1-win_x64\zulu21.30.15-ca-fx-jdk21.0.1-win_x64\bin\javafx\api-ms-win-crt-convert-l1-1-0.dll
0x00000149fe5d0000 - 0x00000149fe5d4000 	C:\zulu21.30.15-ca-fx-jdk21.0.1-win_x64\zulu21.30.15-ca-fx-jdk21.0.1-win_x64\bin\javafx\api-ms-win-crt-environment-l1-1-0.dll
0x00000149fe5e0000 - 0x00000149fe5e4000 	C:\zulu21.30.15-ca-fx-jdk21.0.1-win_x64\zulu21.30.15-ca-fx-jdk21.0.1-win_x64\bin\javafx\api-ms-win-crt-filesystem-l1-1-0.dll
0x00000149fe5f0000 - 0x00000149fe5f4000 	C:\zulu21.30.15-ca-fx-jdk21.0.1-win_x64\zulu21.30.15-ca-fx-jdk21.0.1-win_x64\bin\javafx\api-ms-win-crt-heap-l1-1-0.dll
0x00000149fe600000 - 0x00000149fe604000 	C:\zulu21.30.15-ca-fx-jdk21.0.1-win_x64\zulu21.30.15-ca-fx-jdk21.0.1-win_x64\bin\javafx\api-ms-win-crt-locale-l1-1-0.dll
0x00000149fe610000 - 0x00000149fe616000 	C:\zulu21.30.15-ca-fx-jdk21.0.1-win_x64\zulu21.30.15-ca-fx-jdk21.0.1-win_x64\bin\javafx\api-ms-win-crt-math-l1-1-0.dll
0x00000149fe620000 - 0x00000149fe626000 	C:\zulu21.30.15-ca-fx-jdk21.0.1-win_x64\zulu21.30.15-ca-fx-jdk21.0.1-win_x64\bin\javafx\api-ms-win-crt-multibyte-l1-1-0.dll
0x00000149fe630000 - 0x00000149fe641000 	C:\zulu21.30.15-ca-fx-jdk21.0.1-win_x64\zulu21.30.15-ca-fx-jdk21.0.1-win_x64\bin\javafx\api-ms-win-crt-private-l1-1-0.dll
0x00000149fe650000 - 0x00000149fe654000 	C:\zulu21.30.15-ca-fx-jdk21.0.1-win_x64\zulu21.30.15-ca-fx-jdk21.0.1-win_x64\bin\javafx\api-ms-win-crt-process-l1-1-0.dll
0x00000149fe660000 - 0x00000149fe665000 	C:\zulu21.30.15-ca-fx-jdk21.0.1-win_x64\zulu21.30.15-ca-fx-jdk21.0.1-win_x64\bin\javafx\api-ms-win-crt-runtime-l1-1-0.dll
0x00000149fe670000 - 0x00000149fe675000 	C:\zulu21.30.15-ca-fx-jdk21.0.1-win_x64\zulu21.30.15-ca-fx-jdk21.0.1-win_x64\bin\javafx\api-ms-win-crt-stdio-l1-1-0.dll
0x00000149fe680000 - 0x00000149fe685000 	C:\zulu21.30.15-ca-fx-jdk21.0.1-win_x64\zulu21.30.15-ca-fx-jdk21.0.1-win_x64\bin\javafx\api-ms-win-crt-string-l1-1-0.dll
0x00000149fe690000 - 0x00000149fe694000 	C:\zulu21.30.15-ca-fx-jdk21.0.1-win_x64\zulu21.30.15-ca-fx-jdk21.0.1-win_x64\bin\javafx\api-ms-win-crt-time-l1-1-0.dll
0x00000149fe6a0000 - 0x00000149fe6a4000 	C:\zulu21.30.15-ca-fx-jdk21.0.1-win_x64\zulu21.30.15-ca-fx-jdk21.0.1-win_x64\bin\javafx\api-ms-win-crt-utility-l1-1-0.dll
0x00007ffd19800000 - 0x00007ffd19910000 	C:\zulu21.30.15-ca-fx-jdk21.0.1-win_x64\zulu21.30.15-ca-fx-jdk21.0.1-win_x64\bin\javafx\ucrtbase.dll
0x00007ffd60b90000 - 0x00007ffd60bab000 	C:\zulu21.30.15-ca-fx-jdk21.0.1-win_x64\zulu21.30.15-ca-fx-jdk21.0.1-win_x64\bin\javafx\vcruntime140.dll
0x00007ffd67840000 - 0x00007ffd6784c000 	C:\zulu21.30.15-ca-fx-jdk21.0.1-win_x64\zulu21.30.15-ca-fx-jdk21.0.1-win_x64\bin\javafx\vcruntime140_1.dll
0x00007ffd411e0000 - 0x00007ffd4126e000 	C:\zulu21.30.15-ca-fx-jdk21.0.1-win_x64\zulu21.30.15-ca-fx-jdk21.0.1-win_x64\bin\javafx\msvcp140.dll
0x00007ffd660a0000 - 0x00007ffd660a9000 	C:\zulu21.30.15-ca-fx-jdk21.0.1-win_x64\zulu21.30.15-ca-fx-jdk21.0.1-win_x64\bin\javafx\msvcp140_1.dll
0x00007ffd5f810000 - 0x00007ffd5f851000 	C:\zulu21.30.15-ca-fx-jdk21.0.1-win_x64\zulu21.30.15-ca-fx-jdk21.0.1-win_x64\bin\javafx\msvcp140_2.dll
0x00007ffd60b60000 - 0x00007ffd60b90000 	C:\zulu21.30.15-ca-fx-jdk21.0.1-win_x64\zulu21.30.15-ca-fx-jdk21.0.1-win_x64\bin\javafx\prism_d3d.dll
0x00007ffd2b780000 - 0x00007ffd2b929000 	C:\Windows\system32\d3d9.dll
0x00007ffd72b20000 - 0x00007ffd72b4b000 	C:\Windows\SYSTEM32\dwmapi.dll
0x00007ffd75860000 - 0x00007ffd75896000 	C:\Windows\SYSTEM32\dxcore.dll
0x00007ffd728e0000 - 0x00007ffd7298b000 	C:\Windows\system32\uxtheme.dll
0x00007ffd2b610000 - 0x00007ffd2b6c0000 	C:\Windows\SYSTEM32\d3d9on12.dll
0x00007ffd72a10000 - 0x00007ffd72b08000 	C:\Windows\SYSTEM32\dxgi.dll
0x00007ffd2b5e0000 - 0x00007ffd2b609000 	C:\Windows\SYSTEM32\d3d12.dll
0x00007ffd78230000 - 0x00007ffd7827e000 	C:\Windows\SYSTEM32\cfgmgr32.dll
0x00007ffd2b3d0000 - 0x00007ffd2b5d3000 	C:\Windows\SYSTEM32\D3D12Core.dll
0x00007ffd2b220000 - 0x00007ffd2b327000 	C:\Windows\System32\DriverStore\FileRepository\iigd_dch.inf_amd64_30b15c31ad2f7a73\igd12umd64.dll
0x00007ffd2a310000 - 0x00007ffd2b215000 	C:\Windows\System32\DriverStore\FileRepository\iigd_dch.inf_amd64_30b15c31ad2f7a73\igd12um64xel.dll
0x00007ffd78bb0000 - 0x00007ffd78d16000 	C:\Windows\System32\CRYPT32.dll
0x00007ffd7a8d0000 - 0x00007ffd7aa70000 	C:\Windows\System32\ole32.dll
0x00007ffd77ed0000 - 0x00007ffd77ef8000 	C:\Windows\SYSTEM32\bcrypt.dll
0x00007ffd29fb0000 - 0x00007ffd29ff4000 	C:\Windows\SYSTEM32\ControlLib.dll
0x00007ffd7abb0000 - 0x00007ffd7b024000 	C:\Windows\System32\SETUPAPI.dll
0x00007ffd781e0000 - 0x00007ffd7820c000 	C:\Windows\SYSTEM32\DEVOBJ.dll
0x00007ffd6bf80000 - 0x00007ffd6c00b000 	C:\Windows\System32\DriverStore\FileRepository\iigd_dch.inf_amd64_30b15c31ad2f7a73\IntelControlLib.dll
0x00007ffd78d20000 - 0x00007ffd78d8b000 	C:\Windows\System32\WINTRUST.dll
0x00007ffd77d40000 - 0x00007ffd77d52000 	C:\Windows\SYSTEM32\MSASN1.dll
0x00007ffd6f750000 - 0x00007ffd6f79a000 	C:\Windows\SYSTEM32\directxdatabasehelper.dll
0x00007ffd69750000 - 0x00007ffd69b88000 	C:\Windows\System32\DriverStore\FileRepository\iigd_dch.inf_amd64_30b15c31ad2f7a73\igdgmm64.dll
0x00007ffd61090000 - 0x00007ffd64f3d000 	C:\Windows\System32\DriverStore\FileRepository\iigd_dch.inf_amd64_30b15c31ad2f7a73\igc64.dll
0x00007ffd28e20000 - 0x00007ffd28e4f000 	C:\Windows\SYSTEM32\D3DSCache.dll
0x00007ffd77b80000 - 0x00007ffd77bac000 	C:\Windows\SYSTEM32\USERENV.dll
0x00007ffd28b20000 - 0x00007ffd28e1c000 	C:\Windows\System32\DriverStore\FileRepository\iigd_dch.inf_amd64_30b15c31ad2f7a73\igd12dxva64.dll
0x00007ffd27850000 - 0x00007ffd28a33000 	C:\Windows\System32\DriverStore\FileRepository\iigd_dch.inf_amd64_30b15c31ad2f7a73\igddxvacommon64.dll
0x00007ffd25b20000 - 0x00007ffd27841000 	C:\Windows\System32\DriverStore\FileRepository\iigd_dch.inf_amd64_30b15c31ad2f7a73\media_bin_64.dll
0x00007ffd25af0000 - 0x00007ffd25b17000 	C:\Windows\System32\DriverStore\FileRepository\iigd_dch.inf_amd64_30b15c31ad2f7a73\igdinfo64.dll
0x00007ffd77cf0000 - 0x00007ffd77d0b000 	C:\Windows\SYSTEM32\CRYPTSP.dll
0x00007ffd77570000 - 0x00007ffd775a5000 	C:\Windows\system32\rsaenh.dll
0x00007ffd77ce0000 - 0x00007ffd77cec000 	C:\Windows\SYSTEM32\CRYPTBASE.dll
0x00007ffd5dc10000 - 0x00007ffd5dc52000 	C:\zulu21.30.15-ca-fx-jdk21.0.1-win_x64\zulu21.30.15-ca-fx-jdk21.0.1-win_x64\bin\javafx\glass.dll
0x00007ffd7a7d0000 - 0x00007ffd7a8c9000 	C:\Windows\System32\COMDLG32.dll

dbghelp: loaded successfully - version: 4.0.5 - missing functions: none
symbol engine: initialized successfully - sym options: 0x614 - pdb path: .;C:\zulu21.30.15-ca-fx-jdk21.0.1-win_x64\zulu21.30.15-ca-fx-jdk21.0.1-win_x64\bin;C:\Windows\SYSTEM32;C:\Windows\WinSxS\amd64_microsoft.windows.common-controls_6595b64144ccf1df_6.0.22621.2506_none_270c5ae97388e100;C:\zulu21.30.15-ca-fx-jdk21.0.1-win_x64\zulu21.30.15-ca-fx-jdk21.0.1-win_x64\bin\server;C:\zulu21.30.15-ca-fx-jdk21.0.1-win_x64\zulu21.30.15-ca-fx-jdk21.0.1-win_x64\bin\javafx;C:\Windows\System32\DriverStore\FileRepository\iigd_dch.inf_amd64_30b15c31ad2f7a73;C:\Program Files\Common Files\Microsoft Shared\Ink

VM Arguments:
jvm_args: -Dfile.encoding=UTF-8 
java_command: movieticketbookingmanagement.MovieTicketBookingManagement
java_class_path (initial): C:\Users\Elga\Downloads\ojdbc11.jar;C:\Users\Elga\Downloads\mysql-connector-j-8.2.0\mysql-connector-j-8.2.0\mysql-connector-j-8.2.0.jar;C:\Users\Elga\Documents\prl23\MovieTicketBookingManagement\build\classes
Launcher Type: SUN_STANDARD

[Global flags]
     intx CICompilerCount                          = 12                                        {product} {ergonomic}
     uint ConcGCThreads                            = 4                                         {product} {ergonomic}
     uint G1ConcRefinementThreads                  = 15                                        {product} {ergonomic}
   size_t G1HeapRegionSize                         = 2097152                                   {product} {ergonomic}
    uintx GCDrainStackTargetSize                   = 64                                        {product} {ergonomic}
   size_t InitialHeapSize                          = 264241152                                 {product} {ergonomic}
   size_t MarkStackSize                            = 4194304                                   {product} {ergonomic}
   size_t MaxHeapSize                              = 4227858432                                {product} {ergonomic}
   size_t MaxNewSize                               = 2535456768                                {product} {ergonomic}
   size_t MinHeapDeltaBytes                        = 2097152                                   {product} {ergonomic}
   size_t MinHeapSize                              = 8388608                                   {product} {ergonomic}
    uintx NonNMethodCodeHeapSize                   = 7602480                                {pd product} {ergonomic}
    uintx NonProfiledCodeHeapSize                  = 122027880                              {pd product} {ergonomic}
    uintx ProfiledCodeHeapSize                     = 122027880                              {pd product} {ergonomic}
    uintx ReservedCodeCacheSize                    = 251658240                              {pd product} {ergonomic}
     bool SegmentedCodeCache                       = true                                      {product} {ergonomic}
   size_t SoftMaxHeapSize                          = 4227858432                             {manageable} {ergonomic}
     bool UseCompressedOops                        = true                           {product lp64_product} {ergonomic}
     bool UseG1GC                                  = true                                      {product} {ergonomic}
     bool UseLargePagesIndividualAllocation        = false                                  {pd product} {ergonomic}

Logging:
Log output configuration:
 #0: stdout all=warning uptime,level,tags foldmultilines=false
 #1: stderr all=off uptime,level,tags foldmultilines=false

Environment Variables:
PATH=C:\Users\Elga\Downloads\WINDOWS.X64_193000_db_home\bin;C:\Program Files\Eclipse Adoptium\jdk-21.0.0.35-hotspot\bin;C:\Users\Elga\Downloads\apache-maven-3.9.4-bin\apache-maven-3.9.4\bin;C:\Program Files\Common Files\Oracle\Java\javapath;C:\Windows\system32;C:\Windows;C:\Windows\System32\Wbem;C:\Windows\System32\WindowsPowerShell\v1.0\;C:\Windows\System32\OpenSSH\;C:\Program Files\Git\cmd;C:\Program Files\dotnet\;C:\Program Files\CMake\bin;C:\Program Files (x86)\Windows Kits\10\Windows Performance Toolkit\;C:\Program Files\PowerShell\7\;C:\Program Files\nodejs\;C:\Users\Elga\AppData\Local\Microsoft\WindowsApps;;C:\Users\Elga\AppData\Local\Programs\Microsoft VS Code\bin;C:\Program Files\JetBrains\IntelliJ IDEA 2023.2.2\bin;;C:\Program Files\JetBrains\PyCharm Community Edition 2023.2.2\bin;;C:\Program Files\JetBrains\IntelliJ IDEA Community Edition 2023.2.2\bin;;C:\Users\Elga\.dotnet\tools;C:\Users\Elga\AppData\Roaming\npm
USERNAME=Elga
OS=Windows_NT
PROCESSOR_IDENTIFIER=Intel64 Family 6 Model 186 Stepping 2, GenuineIntel
TMP=C:\Users\Elga\AppData\Local\Temp
TEMP=C:\Users\Elga\AppData\Local\Temp




Periodic native trim disabled

---------------  S Y S T E M  ---------------

OS:
 Windows 11 , 64 bit Build 22621 (10.0.22621.2506)
OS uptime: 4 days 0:48 hours
Hyper-V role detected

CPU: total 20 (initial active 20) (10 cores per cpu, 2 threads per core) family 6 model 186 stepping 2 microcode 0x410e, cx8, cmov, fxsr, ht, mmx, 3dnowpref, sse, sse2, sse3, ssse3, sse4.1, sse4.2, popcnt, lzcnt, tsc, tscinvbit, avx, avx2, aes, erms, clmul, bmi1, bmi2, adx, sha, fma, vzeroupper, clflush, clflushopt, clwb, hv, serialize, rdtscp, rdpid, fsrm, f16c, cet_ibt, cet_ss
Processor Information for processor 0
  Max Mhz: 2400, Current Mhz: 2400, Mhz Limit: 2400
Processor Information for processor 1
  Max Mhz: 2400, Current Mhz: 1520, Mhz Limit: 2400
Processor Information for processor 2
  Max Mhz: 2400, Current Mhz: 1520, Mhz Limit: 2400
Processor Information for processor 3
  Max Mhz: 2400, Current Mhz: 1520, Mhz Limit: 2400
Processor Information for processor 4
  Max Mhz: 2400, Current Mhz: 2400, Mhz Limit: 2400
Processor Information for processor 5
  Max Mhz: 2400, Current Mhz: 2400, Mhz Limit: 2400
Processor Information for processor 6
  Max Mhz: 2400, Current Mhz: 2400, Mhz Limit: 2400
Processor Information for processor 7
  Max Mhz: 2400, Current Mhz: 2400, Mhz Limit: 2400
Processor Information for processor 8
  Max Mhz: 2400, Current Mhz: 2400, Mhz Limit: 2400
Processor Information for processor 9
  Max Mhz: 2400, Current Mhz: 1520, Mhz Limit: 2400
Processor Information for processor 10
  Max Mhz: 2400, Current Mhz: 2400, Mhz Limit: 2400
Processor Information for processor 11
  Max Mhz: 2400, Current Mhz: 2400, Mhz Limit: 2400
Processor Information for processor 12
  Max Mhz: 2400, Current Mhz: 1466, Mhz Limit: 2400
Processor Information for processor 13
  Max Mhz: 2400, Current Mhz: 1466, Mhz Limit: 2400
Processor Information for processor 14
  Max Mhz: 2400, Current Mhz: 1466, Mhz Limit: 2400
Processor Information for processor 15
  Max Mhz: 2400, Current Mhz: 1466, Mhz Limit: 2400
Processor Information for processor 16
  Max Mhz: 2400, Current Mhz: 1466, Mhz Limit: 2400
Processor Information for processor 17
  Max Mhz: 2400, Current Mhz: 1466, Mhz Limit: 2400
Processor Information for processor 18
  Max Mhz: 2400, Current Mhz: 1466, Mhz Limit: 2400
Processor Information for processor 19
  Max Mhz: 2400, Current Mhz: 1466, Mhz Limit: 2400

Memory: 4k page, system-wide physical 16124M (439M free)
TotalPageFile size 65276M (AvailPageFile size 2M)
current process WorkingSet (physical memory assigned to process): 294M, peak: 295M
current process commit charge ("private bytes"): 575M, peak: 577M

vm_info: OpenJDK 64-Bit Server VM (21.0.1+12-LTS) for windows-amd64 JRE (21.0.1+12-LTS) (Zulu21.30+15-CA), built on 2023-10-11T21:38:45Z by "zulu_re" with MS VC++ 17.1 (VS2022)

END.
